<?xml version="1.0" encoding="UTF-8"?>
<testsuite name="IconFactoryFormReducerTest[jvm]" tests="3" skipped="0" failures="0" errors="0" timestamp="2026-09-10T05:15:21.590Z" hostname="LazyIonEsdeMacBook-Pro.local" time="0.004">
  <properties/>
  <testcase name="speedAndAlgorithmsUseOriginalMappingsWithoutChangingOtherSettings[jvm]" classname="org.tool.kit.migration.IconFactoryFormReducerTest" time="0.002"/>
  <testcase name="draftKeepsSliderPrecisionAndPngTargetFloorUntilRelease[jvm]" classname="org.tool.kit.migration.IconFactoryFormReducerTest" time="0.002"/>
  <testcase name="formDefaultsAndFieldEditsPreserveOriginalStrings[jvm]" classname="org.tool.kit.migration.IconFactoryFormReducerTest" time="0.0"/>
  <system-out><![CDATA[]]></system-out>
  <system-err><![CDATA[]]></system-err>
</testsuite>
