<?xml version="1.0" encoding="UTF-8"?>
<testsuite name="JunkNamingRulesTest[jvm]" tests="3" skipped="0" failures="0" errors="0" timestamp="2026-09-10T05:15:30.947Z" hostname="LazyIonEsdeMacBook-Pro.local" time="0.007">
  <properties/>
  <testcase name="everyRawFieldAndOverflowFallbackArePreserved[jvm]" classname="org.tool.kit.migration.JunkNamingRulesTest" time="0.0"/>
  <testcase name="estimateMatchesFrozenFormulaAndRepeatedAdditionAcrossBothModes[jvm]" classname="org.tool.kit.migration.JunkNamingRulesTest" time="0.004"/>
  <testcase name="packageAndSuffixSettersMatchTheFrozenModelIncludingDotsWhitespaceAndEmptyStrings[jvm]" classname="org.tool.kit.migration.JunkNamingRulesTest" time="0.002"/>
  <system-out><![CDATA[]]></system-out>
  <system-err><![CDATA[]]></system-err>
</testsuite>
