<?xml version="1.0" encoding="UTF-8"?>
<testsuite name="ApkInformationUiTest[jvm]" tests="2" skipped="0" failures="0" errors="0" timestamp="2026-09-10T05:14:38.063Z" hostname="LazyIonEsdeMacBook-Pro.local" time="3.519">
  <properties/>
  <testcase name="darkResult[jvm]" classname="org.tool.kit.migration.ApkInformationUiTest" time="2.72"/>
  <testcase name="lightResult[jvm]" classname="org.tool.kit.migration.ApkInformationUiTest" time="0.798"/>
  <system-out><![CDATA[kotlin-logging: initializing... active logger factory: Slf4jLoggerFactory
2026-09-10 13:14:39.151 [AWT-EventQueue-0 @coroutine#53] INFO  App - 启动App, 应用版本号: 1.6.11
2026-09-10 13:14:40.810 [AWT-EventQueue-0 @coroutine#2885] INFO  App - 启动App, 应用版本号: 1.6.11
]]></system-out>
  <system-err><![CDATA[]]></system-err>
</testsuite>
