<?xml version="1.0" encoding="UTF-8"?>
<testsuite name="ScanBuildCachesUseCaseTest[jvm]" tests="5" skipped="0" failures="0" errors="0" timestamp="2026-09-10T05:15:48.077Z" hostname="LazyIonEsdeMacBook-Pro.local" time="0.032">
  <properties/>
  <testcase name="originalTraversalMetadataAndSizeRulesMatchIncludingDepthAndDuplicateNames[jvm]" classname="org.tool.kit.migration.ScanBuildCachesUseCaseTest" time="0.018"/>
  <testcase name="deleteCapturesItsInputAndCancellationDoesNotStartTheNextPath[jvm]" classname="org.tool.kit.migration.ScanBuildCachesUseCaseTest" time="0.003"/>
  <testcase name="realPermissionFailureReturnsTheSurvivingMetadataAndCanRetry[jvm]" classname="org.tool.kit.migration.ScanBuildCachesUseCaseTest" time="0.003"/>
  <testcase name="realDeletionPreservesUnselectedSiblingsAndUsesTheScannedLengthAfterChanges[jvm]" classname="org.tool.kit.migration.ScanBuildCachesUseCaseTest" time="0.005"/>
  <testcase name="symbolicDirectoryLinksKeepTheOriginalTraversalAndPathIdentity[jvm]" classname="org.tool.kit.migration.ScanBuildCachesUseCaseTest" time="0.003"/>
  <system-out><![CDATA[]]></system-out>
  <system-err><![CDATA[]]></system-err>
</testsuite>
