<?xml version="1.0" encoding="UTF-8"?>
<testsuite name="Phase3UiTest[jvm]" tests="4" skipped="0" failures="0" errors="0" timestamp="2026-09-10T05:15:37.126Z" hostname="LazyIonEsdeMacBook-Pro.local" time="0.436">
  <properties/>
  <testcase name="developerEntryStillRequiresTwoClicksWithinTheDefaultWindow[jvm]" classname="org.tool.kit.migration.Phase3UiTest" time="0.031"/>
  <testcase name="duplicateSnackbarReplacesCurrentAndNativeActionRunsOnceOutsideReplacementJob[jvm]" classname="org.tool.kit.migration.Phase3UiTest" time="0.053"/>
  <testcase name="failedNativeOpenDismissesWithoutExitingOrReplayingOnRecomposition[jvm]" classname="org.tool.kit.migration.Phase3UiTest" time="0.228"/>
  <testcase name="finishedDownloadSurvivesRecompositionAndInstallationExitsOnlyAfterOpenSucceeds[jvm]" classname="org.tool.kit.migration.Phase3UiTest" time="0.124"/>
  <system-out><![CDATA[]]></system-out>
  <system-err><![CDATA[]]></system-err>
</testsuite>
