<?xml version="1.0" encoding="UTF-8"?>
<testsuite name="CleanerViewModelTest[jvm]" tests="8" skipped="0" failures="0" errors="0" timestamp="2026-09-10T05:15:18.066Z" hostname="LazyIonEsdeMacBook-Pro.local" time="0.017">
  <properties/>
  <testcase name="scanAndDeleteExceptionsReleaseBusyAndKeepRetryableItems[jvm]" classname="org.tool.kit.migration.CleanerViewModelTest" time="0.003"/>
  <testcase name="deletionRemovesSuccessesProgressivelyRetainsFailuresAndCountsScannedBytes[jvm]" classname="org.tool.kit.migration.CleanerViewModelTest" time="0.004"/>
  <testcase name="shellPredicatesMatchEveryPhasePageListAndOtherOperationCombination[jvm]" classname="org.tool.kit.migration.CleanerViewModelTest" time="0.0"/>
  <testcase name="capacityRefreshKeepsTheLastGoodValueAndRejectsStaleReads[jvm]" classname="org.tool.kit.migration.CleanerViewModelTest" time="0.001"/>
  <testcase name="confirmationUsesTheLatestSelectionAndCancelledOrStaleConfirmationNeverDeletes[jvm]" classname="org.tool.kit.migration.CleanerViewModelTest" time="0.003"/>
  <testcase name="closingWindowDiscardsNonCooperativeDeleteResultsAndStopsTheNextDeletion[jvm]" classname="org.tool.kit.migration.CleanerViewModelTest" time="0.002"/>
  <testcase name="discoveriesAreIncrementalAndAllSixSortsSelectionAndStatisticsUseOneSnapshot[jvm]" classname="org.tool.kit.migration.CleanerViewModelTest" time="0.002"/>
  <testcase name="oldNonCooperativeScanCannotOverwriteANewerScanSortOrClosedSelection[jvm]" classname="org.tool.kit.migration.CleanerViewModelTest" time="0.002"/>
  <system-out><![CDATA[]]></system-out>
  <system-err><![CDATA[]]></system-err>
</testsuite>
