<?xml version="1.0" encoding="UTF-8"?>
<testsuite name="SignApkUseCaseTest[jvm]" tests="5" skipped="0" failures="0" errors="0" timestamp="2026-09-10T05:15:48.109Z" hostname="LazyIonEsdeMacBook-Pro.local" time="0.007">
  <properties/>
  <testcase name="batchUsesImmutableRequestsAndInputOrderDespiteCompletionOrder[jvm]" classname="org.tool.kit.migration.SignApkUseCaseTest" time="0.001"/>
  <testcase name="namesPreserveBlankAndNonblankPrefixAndSuffixExactly[jvm]" classname="org.tool.kit.migration.SignApkUseCaseTest" time="0.002"/>
  <testcase name="schemeMatrixAndHuaweiAlignmentAreExplicit[jvm]" classname="org.tool.kit.migration.SignApkUseCaseTest" time="0.0"/>
  <testcase name="partialFailureRemainsInItsInputPosition[jvm]" classname="org.tool.kit.migration.SignApkUseCaseTest" time="0.001"/>
  <testcase name="cancellationCancelsAllChildrenWithoutReturningFailure[jvm]" classname="org.tool.kit.migration.SignApkUseCaseTest" time="0.002"/>
  <system-out><![CDATA[]]></system-out>
  <system-err><![CDATA[]]></system-err>
</testsuite>
