<?xml version="1.0" encoding="UTF-8"?>
<testsuite name="KeyStoreGenerationDataTest[jvm]" tests="7" skipped="0" failures="0" errors="0" timestamp="2026-09-10T05:15:34.079Z" hostname="LazyIonEsdeMacBook-Pro.local" time="0.762">
  <properties/>
  <testcase name="generationDispatchesBeforeTouchingOutputAndCancellationBeforeIoEntryCanRetry[jvm]" classname="org.tool.kit.migration.KeyStoreGenerationDataTest" time="0.042"/>
  <testcase name="jks1024MatchesOriginalStructure[jvm]" classname="org.tool.kit.migration.KeyStoreGenerationDataTest" time="0.086"/>
  <testcase name="jks2048MatchesOriginalStructure[jvm]" classname="org.tool.kit.migration.KeyStoreGenerationDataTest" time="0.25"/>
  <testcase name="pkcs121024MatchesOriginalStructure[jvm]" classname="org.tool.kit.migration.KeyStoreGenerationDataTest" time="0.054"/>
  <testcase name="pkcs122048MatchesOriginalStructure[jvm]" classname="org.tool.kit.migration.KeyStoreGenerationDataTest" time="0.244"/>
  <testcase name="existingStoreRetainsOtherAliasesAndFailureDoesNotSilentlyCreateParentDirectories[jvm]" classname="org.tool.kit.migration.KeyStoreGenerationDataTest" time="0.068"/>
  <testcase name="invalidValidityAndDnKeepOriginalFailureMessages[jvm]" classname="org.tool.kit.migration.KeyStoreGenerationDataTest" time="0.018"/>
  <system-out><![CDATA[2026-09-10 13:15:34.822 [DefaultDispatcher-worker-6 @coroutine#64853] ERROR KeyStoreGeneration - createSignature 生成签名异常 (KeytoolException)
2026-09-10 13:15:34.824 [DefaultDispatcher-worker-6 @coroutine#64853] ERROR KeyStoreGeneration - createSignature 生成签名异常 (KeytoolException)
2026-09-10 13:15:34.825 [DefaultDispatcher-worker-6 @coroutine#64854] ERROR KeyStoreGeneration - createSignature 生成签名异常 (NumberFormatException)
2026-09-10 13:15:34.826 [DefaultDispatcher-worker-6 @coroutine#64854] ERROR KeyStoreGeneration - createSignature 生成签名异常 (IllegalArgumentException)
2026-09-10 13:15:34.842 [DefaultDispatcher-worker-6 @coroutine#64854] ERROR KeyStoreGeneration - createSignature 生成签名异常 (KeytoolException)
]]></system-out>
  <system-err><![CDATA[]]></system-err>
</testsuite>
