<?xml version="1.0" encoding="UTF-8"?>
<testsuite name="NavigationSerializationTest[jvm]" tests="1" skipped="0" failures="0" errors="0" timestamp="2026-09-10T05:15:35.782Z" hostname="LazyIonEsdeMacBook-Pro.local" time="0.004">
  <properties/>
  <testcase name="desktopAdapterReadsAndWritesAllNineExistingNavigationPayloads[jvm]" classname="org.tool.kit.migration.NavigationSerializationTest" time="0.004"/>
  <system-out><![CDATA[]]></system-out>
  <system-err><![CDATA[]]></system-err>
</testsuite>
