<?xml version="1.0" encoding="UTF-8"?>
<testsuite name="CleanerUiTest[jvm]" tests="3" skipped="0" failures="0" errors="0" timestamp="2026-09-10T05:15:15.752Z" hostname="LazyIonEsdeMacBook-Pro.local" time="2.312">
  <properties/>
  <testcase name="darkSelection[jvm]" classname="org.tool.kit.migration.CleanerUiTest" time="0.864"/>
  <testcase name="actualRootDistinguishesProgressiveScanningFromDeletingAndSharesOneWindowOwner[jvm]" classname="org.tool.kit.migration.CleanerUiTest" time="0.841"/>
  <testcase name="lightSelection[jvm]" classname="org.tool.kit.migration.CleanerUiTest" time="0.607"/>
  <system-out><![CDATA[2026-09-10 13:15:15.779 [AWT-EventQueue-0 @coroutine#22150] INFO  App - 启动App, 应用版本号: 1.6.11
2026-09-10 13:15:16.643 [AWT-EventQueue-0 @coroutine#24539] INFO  App - 启动App, 应用版本号: 1.6.11
2026-09-10 13:15:17.480 [AWT-EventQueue-0 @coroutine#28397] INFO  App - 启动App, 应用版本号: 1.6.11
]]></system-out>
  <system-err><![CDATA[]]></system-err>
</testsuite>
