<?xml version="1.0" encoding="UTF-8"?>
<testsuite name="JvmApkInformationRepositoryTest[jvm]" tests="4" skipped="0" failures="0" errors="0" timestamp="2026-09-10T05:15:30.955Z" hostname="LazyIonEsdeMacBook-Pro.local" time="1.336">
  <properties/>
  <testcase name="actualResourceTablePathAndDirectIconMatchFrozenOriginalPixels[jvm]" classname="org.tool.kit.migration.JvmApkInformationRepositoryTest" time="0.185"/>
  <testcase name="realAaptParsesChineseSpaceQuotePathAndMatchesFixedTemplateFields[jvm]" classname="org.tool.kit.migration.JvmApkInformationRepositoryTest" time="0.13"/>
  <testcase name="bundledUnsignedApkPreservesPermissionOrderAndApplicationIconFallback[jvm]" classname="org.tool.kit.migration.JvmApkInformationRepositoryTest" time="0.044"/>
  <testcase name="missingAndCorruptIconsRemainValidApkInformationAndBrokenApkUsesCommandFailure[jvm]" classname="org.tool.kit.migration.JvmApkInformationRepositoryTest" time="0.977"/>
  <system-out><![CDATA[2026-09-10 13:15:32.275 [DefaultDispatcher-worker-6 @coroutine#64838] ERROR ApkIconDataSource - extractIcon 提取图标异常, 异常信息: Failed to Image::makeFromEncoded
java.lang.IllegalArgumentException: Failed to Image::makeFromEncoded
	at org.jetbrains.skia.Image$Companion.makeFromEncoded(Image.kt:137)
	at org.tool.kit.data.source.ApkIconDataSource.validatedSource(ApkIconDataSource.kt:78)
	at org.tool.kit.data.source.ApkIconDataSource.processIconFromZip(ApkIconDataSource.kt:71)
	at org.tool.kit.data.source.ApkIconDataSource.access$processIconFromZip(ApkIconDataSource.kt:15)
	at org.tool.kit.data.source.ApkIconDataSource$read$2.invokeSuspend(ApkIconDataSource.kt:34)
	at kotlin.coroutines.jvm.internal.BaseContinuationImpl.resumeWith(ContinuationImpl.kt:34)
	at kotlinx.coroutines.DispatchedTask.run(DispatchedTask.kt:100)
	at kotlinx.coroutines.internal.LimitedDispatcher$Worker.run(LimitedDispatcher.kt:124)
	at kotlinx.coroutines.scheduling.TaskImpl.run(Tasks.kt:89)
	at kotlinx.coroutines.scheduling.CoroutineScheduler.runSafely(CoroutineScheduler.kt:586)
	at kotlinx.coroutines.scheduling.CoroutineScheduler$Worker.executeTask(CoroutineScheduler.kt:798)
	at kotlinx.coroutines.scheduling.CoroutineScheduler$Worker.runWorker(CoroutineScheduler.kt:717)
	at kotlinx.coroutines.scheduling.CoroutineScheduler$Worker.run(CoroutineScheduler.kt:704)
2026-09-10 13:15:32.276 [DefaultDispatcher-worker-6 @coroutine#64838] ERROR ApkIconDataSource - extractIcon 提取图标异常, 异常信息: Failed to Image::makeFromEncoded
java.lang.IllegalArgumentException: Failed to Image::makeFromEncoded
	at org.jetbrains.skia.Image$Companion.makeFromEncoded(Image.kt:137)
	at org.tool.kit.data.source.ApkIconDataSource.validatedSource(ApkIconDataSource.kt:78)
	at org.tool.kit.data.source.ApkIconDataSource.processIconFromZip(ApkIconDataSource.kt:71)
	at org.tool.kit.data.source.ApkIconDataSource.access$processIconFromZip(ApkIconDataSource.kt:15)
	at org.tool.kit.data.source.ApkIconDataSource$read$2.invokeSuspend(ApkIconDataSource.kt:34)
	at kotlin.coroutines.jvm.internal.BaseContinuationImpl.resumeWith(ContinuationImpl.kt:34)
	at kotlinx.coroutines.DispatchedTask.run(DispatchedTask.kt:100)
	at kotlinx.coroutines.internal.LimitedDispatcher$Worker.run(LimitedDispatcher.kt:124)
	at kotlinx.coroutines.scheduling.TaskImpl.run(Tasks.kt:89)
	at kotlinx.coroutines.scheduling.CoroutineScheduler.runSafely(CoroutineScheduler.kt:586)
	at kotlinx.coroutines.scheduling.CoroutineScheduler$Worker.executeTask(CoroutineScheduler.kt:798)
	at kotlinx.coroutines.scheduling.CoroutineScheduler$Worker.runWorker(CoroutineScheduler.kt:717)
	at kotlinx.coroutines.scheduling.CoroutineScheduler$Worker.run(CoroutineScheduler.kt:704)
]]></system-out>
  <system-err><![CDATA[]]></system-err>
</testsuite>
