<?xml version="1.0" encoding="UTF-8"?>
<testsuite name="GenerateIconsUseCaseTest[jvm]" tests="5" skipped="0" failures="0" errors="0" timestamp="2026-09-10T05:15:21.578Z" hostname="LazyIonEsdeMacBook-Pro.local" time="0.011">
  <properties/>
  <testcase name="preparationErrorsKeepNullMessagesAndCancellationDoesNotBecomeFailure[jvm]" classname="org.tool.kit.migration.GenerateIconsUseCaseTest" time="0.006"/>
  <testcase name="everyNativeFailureStopsImmediatelyAndRetainsOnlyCompletedDensities[jvm]" classname="org.tool.kit.migration.GenerateIconsUseCaseTest" time="0.002"/>
  <testcase name="jpegKeepsExtensionAndUsesQuality100OnlyForLossless[jvm]" classname="org.tool.kit.migration.GenerateIconsUseCaseTest" time="0.001"/>
  <testcase name="pngPipelinePreservesEveryDensityParameterAndCompressionBranch[jvm]" classname="org.tool.kit.migration.GenerateIconsUseCaseTest" time="0.002"/>
  <testcase name="unsupportedExtensionsStaySilentWithoutPreparingOutputs[jvm]" classname="org.tool.kit.migration.GenerateIconsUseCaseTest" time="0.0"/>
  <system-out><![CDATA[]]></system-out>
  <system-err><![CDATA[]]></system-err>
</testsuite>
