<?xml version="1.0" encoding="UTF-8"?>
<testsuite name="LegacyPreferencesCharacterizationTest[jvm]" tests="4" skipped="0" failures="0" errors="0" timestamp="2026-09-10T05:15:35.764Z" hostname="LazyIonEsdeMacBook-Pro.local" time="0.006">
  <properties/>
  <testcase name="unknownPreferenceEnumsKeepTheExistingFallbacks[jvm]" classname="org.tool.kit.migration.LegacyPreferencesCharacterizationTest" time="0.001"/>
  <testcase name="legacySerializerWritesPhysicalKeysAndNewInstanceReadsThem[jvm]" classname="org.tool.kit.migration.LegacyPreferencesCharacterizationTest" time="0.002"/>
  <testcase name="emptySettingsPreserveOriginalDefaults[jvm]" classname="org.tool.kit.migration.LegacyPreferencesCharacterizationTest" time="0.001"/>
  <testcase name="iconSettingsRoundTripRetainsEnumOrdinalsAndEveryParameter[jvm]" classname="org.tool.kit.migration.LegacyPreferencesCharacterizationTest" time="0.002"/>
  <system-out><![CDATA[]]></system-out>
  <system-err><![CDATA[]]></system-err>
</testsuite>
