<?xml version="1.0" encoding="UTF-8"?>
<testsuite name="Phase3PreferencesTest[jvm]" tests="5" skipped="0" failures="0" errors="0" timestamp="2026-09-10T05:15:36.656Z" hostname="LazyIonEsdeMacBook-Pro.local" time="0.021">
  <properties/>
  <testcase name="settingsValidationRejectsOldPathAndRefreshRechecksTheSameDirectory[jvm]" classname="org.tool.kit.migration.Phase3PreferencesTest" time="0.002"/>
  <testcase name="heldDiskWriteCannotRollBackLaterInputAndFiveLegacyFormsReceiveOnePathVersion[jvm]" classname="org.tool.kit.migration.Phase3PreferencesTest" time="0.013"/>
  <testcase name="failedFieldIsRetriedBeforeLaterWritesCanAcknowledgePersistence[jvm]" classname="org.tool.kit.migration.Phase3PreferencesTest" time="0.002"/>
  <testcase name="realPhysicalAccessRunsOnInjectedIoAndNoKeysChangeOnRead[jvm]" classname="org.tool.kit.migration.Phase3PreferencesTest" time="0.002"/>
  <testcase name="oldPhysicalFixtureLoadsBeforeFirstVisibleSnapshotAndQueuedFieldsKeepUntouchedValues[jvm]" classname="org.tool.kit.migration.Phase3PreferencesTest" time="0.002"/>
  <system-out><![CDATA[]]></system-out>
  <system-err><![CDATA[]]></system-err>
</testsuite>
