<?xml version="1.0" encoding="UTF-8"?>
<testsuite name="ApkToolFixtureTest[jvm]" tests="1" skipped="0" failures="0" errors="0" timestamp="2026-09-10T05:14:45.957Z" hostname="LazyIonEsdeMacBook-Pro.local" time="23.83">
  <properties/>
  <testcase name="realTemplateMatchesLegacyMetadataAndUnscaledIconsWithSigningOnAndOff[jvm]" classname="org.tool.kit.migration.ApkToolFixtureTest" time="23.83"/>
  <system-out><![CDATA[2026-09-10 13:14:47.923 [Test worker @coroutine#13377] INFO  Utils - generateApktool null
2026-09-10 13:14:54.604 [DefaultDispatcher-worker-3 @coroutine#13377] INFO  Utils - generateApktool null
2026-09-10 13:15:00.268 [DefaultDispatcher-worker-3 @coroutine#13377] INFO  Utils - generateApktool null
2026-09-10 13:15:05.527 [DefaultDispatcher-worker-3 @coroutine#13377] INFO  Utils - generateApktool null
]]></system-out>
  <system-err><![CDATA[9月 10, 2026 1:14:46 下午 brut.common.Log log
信息: Using Apktool 2.3 on apktool.apk with 8 threads
9月 10, 2026 1:14:46 下午 brut.common.Log log
信息: Loading resource table...
9月 10, 2026 1:14:46 下午 brut.common.Log log
信息: Baksmaling classes.dex...
9月 10, 2026 1:14:46 下午 brut.common.Log log
信息: Decoding value resources...
9月 10, 2026 1:14:46 下午 brut.common.Log log
信息: Loading resource table from file: /var/folders/jt/1lc6n9756w7489cqg5bxtt9w0000gn/T/junit695395478625775165/legacy/framework/1.apk
9月 10, 2026 1:14:46 下午 brut.common.Log log
信息: Decoding file resources...
9月 10, 2026 1:14:47 下午 brut.common.Log log
信息: Generating values XMLs...
9月 10, 2026 1:14:47 下午 brut.common.Log log
信息: Decoding AndroidManifest.xml with resources...
9月 10, 2026 1:14:47 下午 brut.common.Log log
信息: Copying original files...
9月 10, 2026 1:14:47 下午 brut.common.Log log
信息: Copying unknown files...
9月 10, 2026 1:14:47 下午 brut.common.Log log
信息: Using Apktool 2.3 on apktool.apk with 8 threads
9月 10, 2026 1:14:47 下午 brut.common.Log log
信息: Smaling smali folder into classes.dex...
9月 10, 2026 1:14:47 下午 brut.common.Log log
信息: Setting 'debuggable' attribute to 'true' in AndroidManifest.xml...
9月 10, 2026 1:14:47 下午 brut.common.Log log
信息: Building resources with aapt2...
9月 10, 2026 1:14:52 下午 brut.common.Log log
信息: Building apk file...
9月 10, 2026 1:14:52 下午 brut.common.Log log
信息: Importing unknown files...
9月 10, 2026 1:14:52 下午 brut.common.Log log
信息: Built apk into: /var/folders/jt/1lc6n9756w7489cqg5bxtt9w0000gn/T/junit695395478625775165/old output/中文 Empty.apk
9月 10, 2026 1:14:53 下午 brut.common.Log log
信息: Using Apktool 2.3 on apktool.apk with 8 threads
9月 10, 2026 1:14:53 下午 brut.common.Log log
信息: Loading resource table...
9月 10, 2026 1:14:53 下午 brut.common.Log log
信息: Baksmaling classes.dex...
9月 10, 2026 1:14:53 下午 brut.common.Log log
信息: Decoding value resources...
9月 10, 2026 1:14:53 下午 brut.common.Log log
信息: Loading resource table from file: /var/folders/jt/1lc6n9756w7489cqg5bxtt9w0000gn/T/junit695395478625775165/cache/AndroidToolKit-apktool-10786079530838617121/framework/1.apk
9月 10, 2026 1:14:53 下午 brut.common.Log log
信息: Decoding file resources...
9月 10, 2026 1:14:54 下午 brut.common.Log log
信息: Generating values XMLs...
9月 10, 2026 1:14:54 下午 brut.common.Log log
信息: Decoding AndroidManifest.xml with resources...
9月 10, 2026 1:14:54 下午 brut.common.Log log
信息: Copying original files...
9月 10, 2026 1:14:54 下午 brut.common.Log log
信息: Copying unknown files...
9月 10, 2026 1:14:54 下午 brut.common.Log log
信息: Using Apktool 2.3 on apktool.apk with 8 threads
9月 10, 2026 1:14:54 下午 brut.common.Log log
信息: Smaling smali folder into classes.dex...
9月 10, 2026 1:14:54 下午 brut.common.Log log
信息: Setting 'debuggable' attribute to 'true' in AndroidManifest.xml...
9月 10, 2026 1:14:54 下午 brut.common.Log log
信息: Building resources with aapt2...
9月 10, 2026 1:14:57 下午 brut.common.Log log
信息: Building apk file...
9月 10, 2026 1:14:58 下午 brut.common.Log log
信息: Importing unknown files...
9月 10, 2026 1:14:58 下午 brut.common.Log log
信息: Built apk into: /var/folders/jt/1lc6n9756w7489cqg5bxtt9w0000gn/T/junit695395478625775165/new output/中文 Empty.apk
9月 10, 2026 1:14:58 下午 brut.common.Log log
信息: Using Apktool 2.3 on apktool.apk with 8 threads
9月 10, 2026 1:14:58 下午 brut.common.Log log
信息: Loading resource table...
9月 10, 2026 1:14:58 下午 brut.common.Log log
信息: Baksmaling classes.dex...
9月 10, 2026 1:14:59 下午 brut.common.Log log
信息: Decoding value resources...
9月 10, 2026 1:14:59 下午 brut.common.Log log
信息: Loading resource table from file: /var/folders/jt/1lc6n9756w7489cqg5bxtt9w0000gn/T/junit695395478625775165/cache/AndroidToolKit-apktool-93136172307858444/framework/1.apk
9月 10, 2026 1:14:59 下午 brut.common.Log log
信息: Decoding file resources...
9月 10, 2026 1:14:59 下午 brut.common.Log log
信息: Generating values XMLs...
9月 10, 2026 1:14:59 下午 brut.common.Log log
信息: Decoding AndroidManifest.xml with resources...
9月 10, 2026 1:15:00 下午 brut.common.Log log
信息: Copying original files...
9月 10, 2026 1:15:00 下午 brut.common.Log log
信息: Copying unknown files...
9月 10, 2026 1:15:00 下午 brut.common.Log log
信息: Using Apktool 2.3 on apktool.apk with 8 threads
9月 10, 2026 1:15:00 下午 brut.common.Log log
信息: Smaling smali folder into classes.dex...
9月 10, 2026 1:15:00 下午 brut.common.Log log
信息: Setting 'debuggable' attribute to 'true' in AndroidManifest.xml...
9月 10, 2026 1:15:00 下午 brut.common.Log log
信息: Building resources with aapt2...
9月 10, 2026 1:15:03 下午 brut.common.Log log
信息: Building apk file...
9月 10, 2026 1:15:03 下午 brut.common.Log log
信息: Importing unknown files...
9月 10, 2026 1:15:03 下午 brut.common.Log log
信息: Built apk into: /var/folders/jt/1lc6n9756w7489cqg5bxtt9w0000gn/T/junit695395478625775165/new output/中文 Empty.apk
9月 10, 2026 1:15:04 下午 brut.common.Log log
信息: Using Apktool 2.3 on apktool.apk with 8 threads
9月 10, 2026 1:15:04 下午 brut.common.Log log
信息: Loading resource table...
9月 10, 2026 1:15:04 下午 brut.common.Log log
信息: Baksmaling classes.dex...
9月 10, 2026 1:15:04 下午 brut.common.Log log
信息: Decoding value resources...
9月 10, 2026 1:15:04 下午 brut.common.Log log
信息: Loading resource table from file: /var/folders/jt/1lc6n9756w7489cqg5bxtt9w0000gn/T/junit695395478625775165/cache/AndroidToolKit-apktool-12603884762148621544/framework/1.apk
9月 10, 2026 1:15:04 下午 brut.common.Log log
信息: Decoding file resources...
9月 10, 2026 1:15:04 下午 brut.common.Log log
信息: Generating values XMLs...
9月 10, 2026 1:15:05 下午 brut.common.Log log
信息: Decoding AndroidManifest.xml with resources...
9月 10, 2026 1:15:05 下午 brut.common.Log log
信息: Copying original files...
9月 10, 2026 1:15:05 下午 brut.common.Log log
信息: Copying unknown files...
9月 10, 2026 1:15:05 下午 brut.common.Log log
信息: Using Apktool 2.3 on apktool.apk with 8 threads
9月 10, 2026 1:15:05 下午 brut.common.Log log
信息: Smaling smali folder into classes.dex...
9月 10, 2026 1:15:05 下午 brut.common.Log log
信息: Setting 'debuggable' attribute to 'true' in AndroidManifest.xml...
9月 10, 2026 1:15:05 下午 brut.common.Log log
信息: Building resources with aapt2...
9月 10, 2026 1:15:08 下午 brut.common.Log log
信息: Building apk file...
9月 10, 2026 1:15:09 下午 brut.common.Log log
信息: Importing unknown files...
9月 10, 2026 1:15:09 下午 brut.common.Log log
信息: Built apk into: /var/folders/jt/1lc6n9756w7489cqg5bxtt9w0000gn/T/junit695395478625775165/new output/中文 Empty.apk
]]></system-err>
</testsuite>
