<?xml version="1.0" encoding="UTF-8"?>
<testsuite name="Phase2ValidationTest[jvm]" tests="5" skipped="0" failures="0" errors="0" timestamp="2026-09-10T05:15:36.612Z" hostname="LazyIonEsdeMacBook-Pro.local" time="0.008">
  <properties/>
  <testcase name="pathQueriesAreDeduplicatedAndRejectLateResultsForTheSameText[jvm]" classname="org.tool.kit.migration.Phase2ValidationTest" time="0.001"/>
  <testcase name="explicitPageRefreshRechecksAPathThatChangedOnDisk[jvm]" classname="org.tool.kit.migration.Phase2ValidationTest" time="0.001"/>
  <testcase name="settingsDraftsUpdateBeforeQueuedWritesAndFieldsDoNotOverwriteEachOther[jvm]" classname="org.tool.kit.migration.Phase2ValidationTest" time="0.003"/>
  <testcase name="signingChecksRejectSlowPasswordAndPathResultsWithoutReloadingOnUnrelatedEdits[jvm]" classname="org.tool.kit.migration.Phase2ValidationTest" time="0.002"/>
  <testcase name="aliasesRejectOlderAAfterAToBToAAndAfterDialogClose[jvm]" classname="org.tool.kit.migration.Phase2ValidationTest" time="0.001"/>
  <system-out><![CDATA[]]></system-out>
  <system-err><![CDATA[]]></system-err>
</testsuite>
