<?xml version="1.0" encoding="UTF-8"?>
<testsuite name="IconNativeFixtureTest[jvm]" tests="2" skipped="0" failures="0" errors="0" timestamp="2026-09-10T05:15:25.106Z" hostname="LazyIonEsdeMacBook-Pro.local" time="3.395">
  <properties/>
  <testcase name="malformedInputAndUnwritableOutputFailWithoutLeavingIntermediateFiles[jvm]" classname="org.tool.kit.migration.IconNativeFixtureTest" time="0.438"/>
  <testcase name="realRustOutputsMatchFrozenPipelineForEveryAlgorithmAndCompressionMode[jvm]" classname="org.tool.kit.migration.IconNativeFixtureTest" time="2.957"/>
  <system-out><![CDATA[]]></system-out>
  <system-err><![CDATA[uniffi.toolkit.ToolKitRustException$Exception: Unable to open image: Format error decoding Png: Invalid PNG signature.
	at uniffi.toolkit.FfiConverterTypeToolKitRustError.read(toolkit.kt:1291)
	at uniffi.toolkit.FfiConverterTypeToolKitRustError.read(toolkit.kt:1288)
	at uniffi.toolkit.FfiConverter.liftFromRustBuffer(toolkit.kt:181)
	at uniffi.toolkit.FfiConverterTypeToolKitRustError.liftFromRustBuffer(toolkit.kt:1288)
	at uniffi.toolkit.FfiConverterTypeToolKitRustError.liftFromRustBuffer(toolkit.kt:1288)
	at uniffi.toolkit.FfiConverterRustBuffer.lift(toolkit.kt:198)
	at uniffi.toolkit.FfiConverterTypeToolKitRustError.lift(toolkit.kt:1288)
	at uniffi.toolkit.FfiConverterTypeToolKitRustError.lift(toolkit.kt:1288)
	at uniffi.toolkit.ToolKitRustException$ErrorHandler.lift(toolkit.kt:1281)
	at uniffi.toolkit.ToolKitRustException$ErrorHandler.lift(toolkit.kt:1280)
	at uniffi.toolkit.ToolkitKt.uniffiCheckCallStatus(toolkit.kt:274)
	at uniffi.toolkit.ToolkitKt.access$uniffiCheckCallStatus(toolkit.kt:1)
	at uniffi.toolkit.ToolkitKt.resizePng-1efqC9U(toolkit.kt:1416)
	at org.tool.kit.platform.RustFileDealWithFactoryKt.resizePng-1efqC9U(RustFileDealWithFactory.kt:23)
	at org.tool.kit.data.source.JvmImageProcessor$resizePng$2.invokeSuspend(JvmImageProcessor.kt:12)
	at org.tool.kit.data.source.JvmImageProcessor$resizePng$2.invoke(JvmImageProcessor.kt)
	at org.tool.kit.data.source.JvmImageProcessor$resizePng$2.invoke(JvmImageProcessor.kt)
	at kotlinx.coroutines.intrinsics.UndispatchedKt.startUndispatched(Undispatched.kt:66)
	at kotlinx.coroutines.intrinsics.UndispatchedKt.startUndispatchedOrReturn(Undispatched.kt:43)
	at kotlinx.coroutines.BuildersKt__Builders_commonKt.withContext(Builders.common.kt:497)
	at kotlinx.coroutines.BuildersKt.withContext(Unknown Source)
	at org.tool.kit.data.source.JvmImageProcessor.resizePng(JvmImageProcessor.kt:11)
	at org.tool.kit.domain.usecase.GenerateIconsUseCase$invoke$2$1.invokeSuspend(GenerateIconsUseCase.kt:27)
	at org.tool.kit.domain.usecase.GenerateIconsUseCase$invoke$2$1.invoke(GenerateIconsUseCase.kt)
	at org.tool.kit.domain.usecase.GenerateIconsUseCase$invoke$2$1.invoke(GenerateIconsUseCase.kt)
	at org.tool.kit.data.source.JvmIconOutputs$use$2$1$1.density(JvmIconOutputs.kt:31)
	at org.tool.kit.domain.usecase.GenerateIconsUseCase$invoke$2.invokeSuspend(GenerateIconsUseCase.kt:25)
	at org.tool.kit.domain.usecase.GenerateIconsUseCase$invoke$2.invoke(GenerateIconsUseCase.kt)
	at org.tool.kit.domain.usecase.GenerateIconsUseCase$invoke$2.invoke(GenerateIconsUseCase.kt)
	at org.tool.kit.data.source.JvmIconOutputs$use$2.invokeSuspend(JvmIconOutputs.kt:17)
	at kotlin.coroutines.jvm.internal.BaseContinuationImpl.resumeWith(ContinuationImpl.kt:34)
	at kotlinx.coroutines.DispatchedTask.run(DispatchedTask.kt:100)
	at kotlinx.coroutines.internal.LimitedDispatcher$Worker.run(LimitedDispatcher.kt:124)
	at kotlinx.coroutines.scheduling.TaskImpl.run(Tasks.kt:89)
	at kotlinx.coroutines.scheduling.CoroutineScheduler.runSafely(CoroutineScheduler.kt:586)
	at kotlinx.coroutines.scheduling.CoroutineScheduler$Worker.executeTask(CoroutineScheduler.kt:798)
	at kotlinx.coroutines.scheduling.CoroutineScheduler$Worker.runWorker(CoroutineScheduler.kt:717)
	at kotlinx.coroutines.scheduling.CoroutineScheduler$Worker.run(CoroutineScheduler.kt:704)
uniffi.toolkit.ToolKitRustException$Exception: Failed to create file: Not a directory (os error 20)
	at uniffi.toolkit.FfiConverterTypeToolKitRustError.read(toolkit.kt:1291)
	at uniffi.toolkit.FfiConverterTypeToolKitRustError.read(toolkit.kt:1288)
	at uniffi.toolkit.FfiConverter.liftFromRustBuffer(toolkit.kt:181)
	at uniffi.toolkit.FfiConverterTypeToolKitRustError.liftFromRustBuffer(toolkit.kt:1288)
	at uniffi.toolkit.FfiConverterTypeToolKitRustError.liftFromRustBuffer(toolkit.kt:1288)
	at uniffi.toolkit.FfiConverterRustBuffer.lift(toolkit.kt:198)
	at uniffi.toolkit.FfiConverterTypeToolKitRustError.lift(toolkit.kt:1288)
	at uniffi.toolkit.FfiConverterTypeToolKitRustError.lift(toolkit.kt:1288)
	at uniffi.toolkit.ToolKitRustException$ErrorHandler.lift(toolkit.kt:1281)
	at uniffi.toolkit.ToolKitRustException$ErrorHandler.lift(toolkit.kt:1280)
	at uniffi.toolkit.ToolkitKt.uniffiCheckCallStatus(toolkit.kt:274)
	at uniffi.toolkit.ToolkitKt.access$uniffiCheckCallStatus(toolkit.kt:1)
	at uniffi.toolkit.ToolkitKt.resizePng-1efqC9U(toolkit.kt:1416)
	at org.tool.kit.platform.RustFileDealWithFactoryKt.resizePng-1efqC9U(RustFileDealWithFactory.kt:23)
	at org.tool.kit.data.source.JvmImageProcessor$resizePng$2.invokeSuspend(JvmImageProcessor.kt:12)
	at org.tool.kit.data.source.JvmImageProcessor$resizePng$2.invoke(JvmImageProcessor.kt)
	at org.tool.kit.data.source.JvmImageProcessor$resizePng$2.invoke(JvmImageProcessor.kt)
	at kotlinx.coroutines.intrinsics.UndispatchedKt.startUndispatched(Undispatched.kt:66)
	at kotlinx.coroutines.intrinsics.UndispatchedKt.startUndispatchedOrReturn(Undispatched.kt:43)
	at kotlinx.coroutines.BuildersKt__Builders_commonKt.withContext(Builders.common.kt:497)
	at kotlinx.coroutines.BuildersKt.withContext(Unknown Source)
	at org.tool.kit.data.source.JvmImageProcessor.resizePng(JvmImageProcessor.kt:11)
	at org.tool.kit.domain.usecase.GenerateIconsUseCase$invoke$2$1.invokeSuspend(GenerateIconsUseCase.kt:27)
	at org.tool.kit.domain.usecase.GenerateIconsUseCase$invoke$2$1.invoke(GenerateIconsUseCase.kt)
	at org.tool.kit.domain.usecase.GenerateIconsUseCase$invoke$2$1.invoke(GenerateIconsUseCase.kt)
	at org.tool.kit.data.source.JvmIconOutputs$use$2$1$1.density(JvmIconOutputs.kt:31)
	at org.tool.kit.domain.usecase.GenerateIconsUseCase$invoke$2.invokeSuspend(GenerateIconsUseCase.kt:25)
	at org.tool.kit.domain.usecase.GenerateIconsUseCase$invoke$2.invoke(GenerateIconsUseCase.kt)
	at org.tool.kit.domain.usecase.GenerateIconsUseCase$invoke$2.invoke(GenerateIconsUseCase.kt)
	at org.tool.kit.data.source.JvmIconOutputs$use$2.invokeSuspend(JvmIconOutputs.kt:17)
	at kotlin.coroutines.jvm.internal.BaseContinuationImpl.resumeWith(ContinuationImpl.kt:34)
	at kotlinx.coroutines.DispatchedTask.run(DispatchedTask.kt:100)
	at kotlinx.coroutines.internal.LimitedDispatcher$Worker.run(LimitedDispatcher.kt:124)
	at kotlinx.coroutines.scheduling.TaskImpl.run(Tasks.kt:89)
	at kotlinx.coroutines.scheduling.CoroutineScheduler.runSafely(CoroutineScheduler.kt:586)
	at kotlinx.coroutines.scheduling.CoroutineScheduler$Worker.executeTask(CoroutineScheduler.kt:798)
	at kotlinx.coroutines.scheduling.CoroutineScheduler$Worker.runWorker(CoroutineScheduler.kt:717)
	at kotlinx.coroutines.scheduling.CoroutineScheduler$Worker.run(CoroutineScheduler.kt:704)
]]></system-err>
</testsuite>
