<?xml version="1.0" encoding="UTF-8"?>
<testsuite name="KeyStoreGenerationViewModelTest[jvm]" tests="6" skipped="0" failures="0" errors="0" timestamp="2026-09-10T05:15:35.694Z" hostname="LazyIonEsdeMacBook-Pro.local" time="0.019">
  <properties/>
  <testcase name="oldPathValidationCannotOverwriteNewInputAndRefreshRechecksTheSamePath[jvm]" classname="org.tool.kit.migration.KeyStoreGenerationViewModelTest" time="0.004"/>
  <testcase name="failedAndExceptionalJobsClearBusyAndAllowRetryWithDistinctEffects[jvm]" classname="org.tool.kit.migration.KeyStoreGenerationViewModelTest" time="0.002"/>
  <testcase name="clearingWindowCancelsOwnedJobAndIgnoresNonCooperativeLateResult[jvm]" classname="org.tool.kit.migration.KeyStoreGenerationViewModelTest" time="0.002"/>
  <testcase name="allFieldsKeepRawInputAndOriginalValidationAndRequiredBoundaries[jvm]" classname="org.tool.kit.migration.KeyStoreGenerationViewModelTest" time="0.004"/>
  <testcase name="submitRechecksCapturedDirectoryWhilePendingAndRejectsChangedDiskState[jvm]" classname="org.tool.kit.migration.KeyStoreGenerationViewModelTest" time="0.003"/>
  <testcase name="submitCapturesFormAndSettingsOnceAndDuplicateSubmitDoesNotStartAnotherJob[jvm]" classname="org.tool.kit.migration.KeyStoreGenerationViewModelTest" time="0.004"/>
  <system-out><![CDATA[]]></system-out>
  <system-err><![CDATA[]]></system-err>
</testsuite>
