<?xml version="1.0" encoding="UTF-8"?>
<testsuite name="SignatureInformationUiTest[jvm]" tests="2" skipped="0" failures="0" errors="0" timestamp="2026-09-10T05:15:48.116Z" hostname="LazyIonEsdeMacBook-Pro.local" time="1.469">
  <properties/>
  <testcase name="darkResult[jvm]" classname="org.tool.kit.migration.SignatureInformationUiTest" time="0.783"/>
  <testcase name="lightResult[jvm]" classname="org.tool.kit.migration.SignatureInformationUiTest" time="0.686"/>
  <system-out><![CDATA[2026-09-10 13:15:48.144 [AWT-EventQueue-0 @coroutine#84988] INFO  App - 启动App, 应用版本号: 1.6.11
2026-09-10 13:15:48.744 [AWT-EventQueue-0 @coroutine#87463] INFO  App - 启动App, 应用版本号: 1.6.11
2026-09-10 13:15:48.923 [AWT-EventQueue-0 @coroutine#88470] INFO  App - 启动App, 应用版本号: 1.6.11
2026-09-10 13:15:49.436 [AWT-EventQueue-0 @coroutine#91014] INFO  App - 启动App, 应用版本号: 1.6.11
]]></system-out>
  <system-err><![CDATA[]]></system-err>
</testsuite>
