<?xml version="1.0" encoding="UTF-8"?>
<testsuite name="Phase3UpdateTest[jvm]" tests="3" skipped="0" failures="0" errors="0" timestamp="2026-09-10T05:15:37.564Z" hostname="LazyIonEsdeMacBook-Pro.local" time="0.012">
  <properties/>
  <testcase name="cancellationWaitsForOldCleanupAndRejectsNonCooperativeProgressBeforeReusingOutput[jvm]" classname="org.tool.kit.migration.Phase3UpdateTest" time="0.008"/>
  <testcase name="duplicateChecksAndDownloadsRunOnceUnknownLengthAndFailureCanRetry[jvm]" classname="org.tool.kit.migration.Phase3UpdateTest" time="0.002"/>
  <testcase name="checksKeepManualSilentLatestErrorAndOrderedAssetsSemantics[jvm]" classname="org.tool.kit.migration.Phase3UpdateTest" time="0.001"/>
  <system-out><![CDATA[]]></system-out>
  <system-err><![CDATA[]]></system-err>
</testsuite>
