<?xml version="1.0" encoding="UTF-8"?>
<testsuite name="ApkBuildWorkspacesTest[jvm]" tests="2" skipped="0" failures="0" errors="0" timestamp="2026-09-10T05:14:37.942Z" hostname="LazyIonEsdeMacBook-Pro.local" time="0.12">
  <properties/>
  <testcase name="separateServicesSerializeTheSameOutputAndCleanOnlyOwnedDirectories[jvm]" classname="org.tool.kit.migration.ApkBuildWorkspacesTest" time="0.108"/>
  <testcase name="failureCancellationAndCancelledQueueLeaveNoOwnedCache[jvm]" classname="org.tool.kit.migration.ApkBuildWorkspacesTest" time="0.009"/>
  <system-out><![CDATA[]]></system-out>
  <system-err><![CDATA[]]></system-err>
</testsuite>
