<?xml version="1.0" encoding="UTF-8"?>
<testsuite name="Phase3StartupTest[jvm]" tests="2" skipped="0" failures="0" errors="0" timestamp="2026-09-10T05:15:36.677Z" hostname="LazyIonEsdeMacBook-Pro.local" time="0.448">
  <properties/>
  <testcase name="disabledStartupStaysSilentEvenIfTheSettingIsEnabledLater[jvm]" classname="org.tool.kit.migration.Phase3StartupTest" time="0.222"/>
  <testcase name="enabledStartupWaitsForReadyAndRunsOnlyOnceAcrossPreferenceAndThemeChanges[jvm]" classname="org.tool.kit.migration.Phase3StartupTest" time="0.226"/>
  <system-out><![CDATA[2026-09-10 13:15:36.702 [AWT-EventQueue-0 @coroutine#79788] INFO  App - 启动App, 应用版本号: 1.6.11
2026-09-10 13:15:36.922 [AWT-EventQueue-0 @coroutine#81588] INFO  App - 启动App, 应用版本号: 1.6.11
]]></system-out>
  <system-err><![CDATA[]]></system-err>
</testsuite>
