<?xml version="1.0" encoding="UTF-8"?>
<testsuite name="KeyStoreGenerationUiTest[jvm]" tests="1" skipped="0" failures="0" errors="0" timestamp="2026-09-10T05:15:34.842Z" hostname="LazyIonEsdeMacBook-Pro.local" time="0.851">
  <properties/>
  <testcase name="actualFieldsSubmitTheExpectedRequestAndWindowOwnerKeepsTheDraftAcrossThemeAndNavigation[jvm]" classname="org.tool.kit.migration.KeyStoreGenerationUiTest" time="0.851"/>
  <system-out><![CDATA[2026-09-10 13:15:34.869 [AWT-EventQueue-0 @coroutine#64897] INFO  App - 启动App, 应用版本号: 1.6.11
]]></system-out>
  <system-err><![CDATA[]]></system-err>
</testsuite>
