<?xml version="1.0" encoding="UTF-8"?>
<testsuite name="ApkSigningViewModelTest[jvm]" tests="9" skipped="0" failures="0" errors="0" timestamp="2026-09-10T05:14:45.928Z" hostname="LazyIonEsdeMacBook-Pro.local" time="0.028">
  <properties/>
  <testcase name="droppedFilesPickFirstApkAndKeyAndUseSameResetAndNameRules[jvm]" classname="org.tool.kit.migration.ApkSigningViewModelTest" time="0.003"/>
  <testcase name="submitFreezesAllFieldsAndSettingsAndRejectsDuplicates[jvm]" classname="org.tool.kit.migration.ApkSigningViewModelTest" time="0.009"/>
  <testcase name="partialBatchFailureOrMissingOutputUsesOriginalGenericFailure[jvm]" classname="org.tool.kit.migration.ApkSigningViewModelTest" time="0.003"/>
  <testcase name="closedWindowDropsNonCooperativeCompletionAndCancellationEffects[jvm]" classname="org.tool.kit.migration.ApkSigningViewModelTest" time="0.001"/>
  <testcase name="requiredAndInvalidFieldsUseCheckErrorBeforeSigning[jvm]" classname="org.tool.kit.migration.ApkSigningViewModelTest" time="0.004"/>
  <testcase name="latePathAndNameResultsCannotOverrideNewPrefixManualNameOrNewPath[jvm]" classname="org.tool.kit.migration.ApkSigningViewModelTest" time="0.001"/>
  <testcase name="allExpandsInPresetOrderAndOneNotificationTargetsLastInput[jvm]" classname="org.tool.kit.migration.ApkSigningViewModelTest" time="0.002"/>
  <testcase name="staleAliasesAndPasswordValidationCannotCommitAfterKeyChange[jvm]" classname="org.tool.kit.migration.ApkSigningViewModelTest" time="0.003"/>
  <testcase name="singleFailureKeepsMessageIncludingEmptyStringAndRetryClearsBusy[jvm]" classname="org.tool.kit.migration.ApkSigningViewModelTest" time="0.002"/>
  <system-out><![CDATA[]]></system-out>
  <system-err><![CDATA[]]></system-err>
</testsuite>
