<?xml version="1.0" encoding="UTF-8"?>
<testsuite name="JvmProcessRunnerTest[jvm]" tests="5" skipped="0" failures="0" errors="0" timestamp="2026-09-10T05:15:32.292Z" hostname="LazyIonEsdeMacBook-Pro.local" time="1.573">
  <properties/>
  <testcase name="argumentsWorkingDirectoryStdinAndBothOutputsPreserveExactValues[jvm]" classname="org.tool.kit.migration.JvmProcessRunnerTest" time="0.125"/>
  <testcase name="timeoutReapsTheOwnedProcessAndItsChild[jvm]" classname="org.tool.kit.migration.JvmProcessRunnerTest" time="0.925"/>
  <testcase name="cancellationReapsTheOwnedProcessAndItsChildAndDoesNotBecomeAnExitResult[jvm]" classname="org.tool.kit.migration.JvmProcessRunnerTest" time="0.234"/>
  <testcase name="nonzeroExitAndLargeStderrAreFullyDrained[jvm]" classname="org.tool.kit.migration.JvmProcessRunnerTest" time="0.147"/>
  <testcase name="outputBufferIsBoundedWhilePipesContinueDraining[jvm]" classname="org.tool.kit.migration.JvmProcessRunnerTest" time="0.142"/>
  <system-out><![CDATA[]]></system-out>
  <system-err><![CDATA[]]></system-err>
</testsuite>
