<?xml version="1.0" encoding="UTF-8"?>
<testsuite name="ApkSigningUiTest[jvm]" tests="2" skipped="0" failures="0" errors="0" timestamp="2026-09-10T05:14:43.972Z" hostname="LazyIonEsdeMacBook-Pro.local" time="1.955">
  <properties/>
  <testcase name="darkResult[jvm]" classname="org.tool.kit.migration.ApkSigningUiTest" time="1.052"/>
  <testcase name="lightResult[jvm]" classname="org.tool.kit.migration.ApkSigningUiTest" time="0.903"/>
  <system-out><![CDATA[2026-09-10 13:14:44.002 [AWT-EventQueue-0 @coroutine#5843] INFO  App - 启动App, 应用版本号: 1.6.11
2026-09-10 13:14:45.048 [AWT-EventQueue-0 @coroutine#9511] INFO  App - 启动App, 应用版本号: 1.6.11
]]></system-out>
  <system-err><![CDATA[]]></system-err>
</testsuite>
