<?xml version="1.0" encoding="UTF-8"?>
<testsuite name="Phase3UiTest[jvm]" tests="4" skipped="0" failures="0" errors="0" timestamp="2026-09-10T06:15:30.296Z" hostname="LazyIonEsdeMacBook-Pro.local" time="0.658">
  <properties/>
  <testcase name="developerEntryStillRequiresTwoClicksWithinTheDefaultWindow[jvm]" classname="org.tool.kit.migration.Phase3UiTest" time="0.04"/>
  <testcase name="duplicateSnackbarReplacesCurrentAndNativeActionRunsOnceOutsideReplacementJob[jvm]" classname="org.tool.kit.migration.Phase3UiTest" time="0.131"/>
  <testcase name="failedNativeOpenDismissesWithoutExitingOrReplayingOnRecomposition[jvm]" classname="org.tool.kit.migration.Phase3UiTest" time="0.342"/>
  <testcase name="finishedDownloadSurvivesRecompositionAndInstallationExitsOnlyAfterOpenSucceeds[jvm]" classname="org.tool.kit.migration.Phase3UiTest" time="0.143"/>
  <system-out><![CDATA[]]></system-out>
  <system-err><![CDATA[]]></system-err>
</testsuite>
