<?xml version="1.0" encoding="UTF-8"?>
<testsuite name="JunkGenerationTest[jvm]" tests="6" skipped="0" failures="0" errors="0" timestamp="2026-09-10T06:15:21.982Z" hostname="LazyIonEsdeMacBook-Pro.local" time="0.26">
  <properties/>
  <testcase name="randomBatchUsesInclusiveBoundsAndRetriesDuplicatePackagesAndPrefixes[jvm]" classname="org.tool.kit.migration.JunkGenerationTest" time="0.002"/>
  <testcase name="realSingleAndBatchArchivesPreserveNamingStructureAndSizeRules[jvm]" classname="org.tool.kit.migration.JunkGenerationTest" time="0.04"/>
  <testcase name="useCaseMapsTheWholeRequestAndNullableErrorsButPropagatesCancellation[jvm]" classname="org.tool.kit.migration.JunkGenerationTest" time="0.002"/>
  <testcase name="batchWorkersUseIndependentDirectoriesAndAllFinishBeforeFailureCleanup[jvm]" classname="org.tool.kit.migration.JunkGenerationTest" time="0.105"/>
  <testcase name="separateServicesSerializeOutputsAndCancellationWaitsForSynchronousGenerator[jvm]" classname="org.tool.kit.migration.JunkGenerationTest" time="0.11"/>
  <testcase name="parallelFailureIsReportedOnlyAfterOtherWorkersExit[jvm]" classname="org.tool.kit.migration.JunkGenerationTest" time="0.001"/>
  <system-out><![CDATA[2026-09-10 14:15:21.988 [DefaultDispatcher-worker-10 @coroutine#64673] INFO  AndroidJunkGenerator - startGenerate 准备生成, 正在清理工作空间 工作空间目录: /var/folders/jt/1lc6n9756w7489cqg5bxtt9w0000gn/T/junit3437573315467212172/work/toolkit-junk-10844398101369882647/comfixturejunkpart
2026-09-10 14:15:21.988 [DefaultDispatcher-worker-10 @coroutine#64673] INFO  AndroidJunkGenerator - startGenerate 工作空间已就绪, 开始生成
2026-09-10 14:15:21.992 [DefaultDispatcher-worker-10 @coroutine#64673] INFO  AndroidJunkGenerator - startGenerate class 文件生成完成
2026-09-10 14:15:21.993 [DefaultDispatcher-worker-10 @coroutine#64673] INFO  AndroidJunkGenerator - strings 文件数量: 1
2026-09-10 14:15:21.994 [DefaultDispatcher-worker-10 @coroutine#64673] INFO  AndroidJunkGenerator - layouts 文件数量: 1
2026-09-10 14:15:21.994 [DefaultDispatcher-worker-10 @coroutine#64673] INFO  AndroidJunkGenerator - drawables 文件数量: 7
2026-09-10 14:15:21.994 [DefaultDispatcher-worker-10 @coroutine#64673] INFO  AndroidJunkGenerator - anims 文件数量: 1
2026-09-10 14:15:21.994 [DefaultDispatcher-worker-10 @coroutine#64673] INFO  AndroidJunkGenerator - mipmaps 文件数量: 0
2026-09-10 14:15:21.994 [DefaultDispatcher-worker-10 @coroutine#64673] INFO  AndroidJunkGenerator - ids 大小: 0
2026-09-10 14:15:21.994 [DefaultDispatcher-worker-10 @coroutine#64673] INFO  AndroidJunkGenerator - startGenerate 资源文件生成完成, 开始打包
2026-09-10 14:15:21.996 [DefaultDispatcher-worker-10 @coroutine#64673] INFO  AndroidJunkGenerator - startGenerate 打包完成, 输出文件路径: /var/folders/jt/1lc6n9756w7489cqg5bxtt9w0000gn/T/junit3437573315467212172/中文 output/junk_com_fixture_junk_part_TT2.2.0.aar , 文件大小: 9.43KB
2026-09-10 14:15:21.996 [DefaultDispatcher-worker-10 @coroutine#64673] INFO  AndroidJunkGenerator - startGenerate 生成结束, 用时: 0.8 秒
2026-09-10 14:15:22.005 [DefaultDispatcher-worker-10 @coroutine#64675] INFO  AndroidJunkGenerator - startGenerate 准备生成, 正在清理工作空间 工作空间目录: /var/folders/jt/1lc6n9756w7489cqg5bxtt9w0000gn/T/junit3437573315467212172/work/toolkit-junk-1498455529790860716/aar-6198180440127144916/comnhybrmbb
2026-09-10 14:15:22.005 [DefaultDispatcher-worker-4 @coroutine#64674] INFO  AndroidJunkGenerator - startGenerate 准备生成, 正在清理工作空间 工作空间目录: /var/folders/jt/1lc6n9756w7489cqg5bxtt9w0000gn/T/junit3437573315467212172/work/toolkit-junk-1498455529790860716/aar-17032125877105373032/comvbormoyx
2026-09-10 14:15:22.005 [DefaultDispatcher-worker-10 @coroutine#64675] INFO  AndroidJunkGenerator - startGenerate 工作空间已就绪, 开始生成
2026-09-10 14:15:22.005 [DefaultDispatcher-worker-4 @coroutine#64674] INFO  AndroidJunkGenerator - startGenerate 工作空间已就绪, 开始生成
2026-09-10 14:15:22.009 [DefaultDispatcher-worker-10 @coroutine#64675] INFO  AndroidJunkGenerator - startGenerate class 文件生成完成
2026-09-10 14:15:22.010 [DefaultDispatcher-worker-10 @coroutine#64675] INFO  AndroidJunkGenerator - strings 文件数量: 0
2026-09-10 14:15:22.010 [DefaultDispatcher-worker-10 @coroutine#64675] INFO  AndroidJunkGenerator - layouts 文件数量: 1
2026-09-10 14:15:22.010 [DefaultDispatcher-worker-10 @coroutine#64675] INFO  AndroidJunkGenerator - drawables 文件数量: 3
2026-09-10 14:15:22.010 [DefaultDispatcher-worker-10 @coroutine#64675] INFO  AndroidJunkGenerator - anims 文件数量: 0
2026-09-10 14:15:22.010 [DefaultDispatcher-worker-10 @coroutine#64675] INFO  AndroidJunkGenerator - mipmaps 文件数量: 0
2026-09-10 14:15:22.010 [DefaultDispatcher-worker-10 @coroutine#64675] INFO  AndroidJunkGenerator - ids 大小: 0
2026-09-10 14:15:22.010 [DefaultDispatcher-worker-10 @coroutine#64675] INFO  AndroidJunkGenerator - startGenerate 资源文件生成完成, 开始打包
2026-09-10 14:15:22.011 [DefaultDispatcher-worker-4 @coroutine#64674] INFO  AndroidJunkGenerator - startGenerate class 文件生成完成
2026-09-10 14:15:22.012 [DefaultDispatcher-worker-10 @coroutine#64675] INFO  AndroidJunkGenerator - startGenerate 打包完成, 输出文件路径: /var/folders/jt/1lc6n9756w7489cqg5bxtt9w0000gn/T/junit3437573315467212172/中文 output/ batch 中文 /junk_com_nhybr_mbb_TT2.2.0.aar , 文件大小: 6.75KB
2026-09-10 14:15:22.012 [DefaultDispatcher-worker-10 @coroutine#64675] INFO  AndroidJunkGenerator - startGenerate 生成结束, 用时: 0.7 秒
2026-09-10 14:15:22.012 [DefaultDispatcher-worker-4 @coroutine#64674] INFO  AndroidJunkGenerator - strings 文件数量: 3
2026-09-10 14:15:22.012 [DefaultDispatcher-worker-4 @coroutine#64674] INFO  AndroidJunkGenerator - layouts 文件数量: 1
2026-09-10 14:15:22.012 [DefaultDispatcher-worker-4 @coroutine#64674] INFO  AndroidJunkGenerator - drawables 文件数量: 11
2026-09-10 14:15:22.012 [DefaultDispatcher-worker-4 @coroutine#64674] INFO  AndroidJunkGenerator - anims 文件数量: 1
2026-09-10 14:15:22.012 [DefaultDispatcher-worker-4 @coroutine#64674] INFO  AndroidJunkGenerator - mipmaps 文件数量: 2
2026-09-10 14:15:22.012 [DefaultDispatcher-worker-4 @coroutine#64674] INFO  AndroidJunkGenerator - ids 大小: 1
2026-09-10 14:15:22.012 [DefaultDispatcher-worker-4 @coroutine#64674] INFO  AndroidJunkGenerator - startGenerate 资源文件生成完成, 开始打包
2026-09-10 14:15:22.015 [DefaultDispatcher-worker-4 @coroutine#64674] INFO  AndroidJunkGenerator - startGenerate 打包完成, 输出文件路径: /var/folders/jt/1lc6n9756w7489cqg5bxtt9w0000gn/T/junit3437573315467212172/中文 output/ batch 中文 /junk_com_vborm_oyx_TT2.2.0.aar , 文件大小: 13.40KB
2026-09-10 14:15:22.015 [DefaultDispatcher-worker-4 @coroutine#64674] INFO  AndroidJunkGenerator - startGenerate 生成结束, 用时: 0.10 秒
2026-09-10 14:15:22.020 [DefaultDispatcher-worker-4 @coroutine#64673] INFO  AndroidJunkGenerator - startGenerate 准备生成, 正在清理工作空间 工作空间目录: /var/folders/jt/1lc6n9756w7489cqg5bxtt9w0000gn/T/junit3437573315467212172/work/toolkit-junk-14969455478543690985/comfixturefail
2026-09-10 14:15:22.021 [DefaultDispatcher-worker-4 @coroutine#64673] INFO  AndroidJunkGenerator - startGenerate 工作空间已就绪, 开始生成
]]></system-out>
  <system-err><![CDATA[]]></system-err>
</testsuite>
