<?xml version="1.0" encoding="UTF-8"?>
<testsuite name="KeyStoreGenerationDataTest[jvm]" tests="7" skipped="0" failures="0" errors="0" timestamp="2026-09-10T06:15:26.252Z" hostname="LazyIonEsdeMacBook-Pro.local" time="1.122">
  <properties/>
  <testcase name="generationDispatchesBeforeTouchingOutputAndCancellationBeforeIoEntryCanRetry[jvm]" classname="org.tool.kit.migration.KeyStoreGenerationDataTest" time="0.06"/>
  <testcase name="jks1024MatchesOriginalStructure[jvm]" classname="org.tool.kit.migration.KeyStoreGenerationDataTest" time="0.11"/>
  <testcase name="jks2048MatchesOriginalStructure[jvm]" classname="org.tool.kit.migration.KeyStoreGenerationDataTest" time="0.292"/>
  <testcase name="pkcs121024MatchesOriginalStructure[jvm]" classname="org.tool.kit.migration.KeyStoreGenerationDataTest" time="0.093"/>
  <testcase name="pkcs122048MatchesOriginalStructure[jvm]" classname="org.tool.kit.migration.KeyStoreGenerationDataTest" time="0.409"/>
  <testcase name="existingStoreRetainsOtherAliasesAndFailureDoesNotSilentlyCreateParentDirectories[jvm]" classname="org.tool.kit.migration.KeyStoreGenerationDataTest" time="0.109"/>
  <testcase name="invalidValidityAndDnKeepOriginalFailureMessages[jvm]" classname="org.tool.kit.migration.KeyStoreGenerationDataTest" time="0.049"/>
  <system-out><![CDATA[2026-09-10 14:15:27.322 [DefaultDispatcher-worker-5 @coroutine#64703] ERROR KeyStoreGeneration - createSignature 生成签名异常 (KeytoolException)
2026-09-10 14:15:27.325 [DefaultDispatcher-worker-5 @coroutine#64703] ERROR KeyStoreGeneration - createSignature 生成签名异常 (KeytoolException)
2026-09-10 14:15:27.328 [DefaultDispatcher-worker-5 @coroutine#64704] ERROR KeyStoreGeneration - createSignature 生成签名异常 (NumberFormatException)
2026-09-10 14:15:27.330 [DefaultDispatcher-worker-5 @coroutine#64704] ERROR KeyStoreGeneration - createSignature 生成签名异常 (IllegalArgumentException)
2026-09-10 14:15:27.374 [DefaultDispatcher-worker-5 @coroutine#64704] ERROR KeyStoreGeneration - createSignature 生成签名异常 (KeytoolException)
]]></system-out>
  <system-err><![CDATA[]]></system-err>
</testsuite>
