<?xml version="1.0" encoding="UTF-8"?>
<testsuite name="ApkBuildWorkspacesTest[jvm]" tests="2" skipped="0" failures="0" errors="0" timestamp="2026-09-10T06:14:17.301Z" hostname="LazyIonEsdeMacBook-Pro.local" time="0.178">
  <properties/>
  <testcase name="separateServicesSerializeTheSameOutputAndCleanOnlyOwnedDirectories[jvm]" classname="org.tool.kit.migration.ApkBuildWorkspacesTest" time="0.163"/>
  <testcase name="failureCancellationAndCancelledQueueLeaveNoOwnedCache[jvm]" classname="org.tool.kit.migration.ApkBuildWorkspacesTest" time="0.011"/>
  <system-out><![CDATA[]]></system-out>
  <system-err><![CDATA[]]></system-err>
</testsuite>
