<?xml version="1.0" encoding="UTF-8"?>
<testsuite name="JunkCodeUiTest[jvm]" tests="2" skipped="0" failures="0" errors="0" timestamp="2026-09-10T06:15:20.029Z" hostname="LazyIonEsdeMacBook-Pro.local" time="1.928">
  <properties/>
  <testcase name="darkForms[jvm]" classname="org.tool.kit.migration.JunkCodeUiTest" time="0.997"/>
  <testcase name="lightForms[jvm]" classname="org.tool.kit.migration.JunkCodeUiTest" time="0.931"/>
  <system-out><![CDATA[2026-09-10 14:15:20.055 [AWT-EventQueue-0 @coroutine#56053] INFO  App - 启动App, 应用版本号: 1.6.11
2026-09-10 14:15:21.050 [AWT-EventQueue-0 @coroutine#60293] INFO  App - 启动App, 应用版本号: 1.6.11
]]></system-out>
  <system-err><![CDATA[]]></system-err>
</testsuite>
