<?xml version="1.0" encoding="UTF-8"?>
<testsuite name="CleanerFixtureTest[jvm]" tests="2" skipped="0" failures="0" errors="0" timestamp="2026-09-10T06:15:04.979Z" hostname="LazyIonEsdeMacBook-Pro.local" time="0.025">
  <properties/>
  <testcase name="fixtureTreeContainsTheDepthAndNameBoundariesRequiredForMigration[jvm]" classname="org.tool.kit.migration.CleanerFixtureTest" time="0.022"/>
  <testcase name="originalSizeRuleIncludesDirectoryMetadataAndNestedFiles[jvm]" classname="org.tool.kit.migration.CleanerFixtureTest" time="0.003"/>
  <system-out><![CDATA[]]></system-out>
  <system-err><![CDATA[]]></system-err>
</testsuite>
