<?xml version="1.0" encoding="UTF-8"?>
<testsuite name="ReadApkInformationUseCaseTest[jvm]" tests="5" skipped="0" failures="0" errors="0" timestamp="2026-09-10T06:15:41.559Z" hostname="LazyIonEsdeMacBook-Pro.local" time="0.051">
  <properties/>
  <testcase name="sourceBytesCannotBeMutatedExternally[jvm]" classname="org.tool.kit.migration.ReadApkInformationUseCaseTest" time="0.0"/>
  <testcase name="commandArgumentsExitFallbackTimeoutAndCancellation[jvm]" classname="org.tool.kit.migration.ReadApkInformationUseCaseTest" time="0.005"/>
  <testcase name="preservesSequentialIconFallbackAndXmlExclusion[jvm]" classname="org.tool.kit.migration.ReadApkInformationUseCaseTest" time="0.002"/>
  <testcase name="fieldsChannelPermissionsAndSeparators[jvm]" classname="org.tool.kit.migration.ReadApkInformationUseCaseTest" time="0.04"/>
  <testcase name="fourFieldBlankRuleAndPermissionDuplicates[jvm]" classname="org.tool.kit.migration.ReadApkInformationUseCaseTest" time="0.003"/>
  <system-out><![CDATA[]]></system-out>
  <system-err><![CDATA[]]></system-err>
</testsuite>
