<?xml version="1.0" encoding="UTF-8"?>
<testsuite name="ApkToolUiTest[jvm]" tests="2" skipped="0" failures="0" errors="0" timestamp="2026-09-10T06:14:57.446Z" hostname="LazyIonEsdeMacBook-Pro.local" time="3.043">
  <properties/>
  <testcase name="darkResult[jvm]" classname="org.tool.kit.migration.ApkToolUiTest" time="1.535"/>
  <testcase name="lightResult[jvm]" classname="org.tool.kit.migration.ApkToolUiTest" time="1.508"/>
  <system-out><![CDATA[2026-09-10 14:14:57.483 [AWT-EventQueue-0 @coroutine#13368] INFO  App - 启动App, 应用版本号: 1.6.11
2026-09-10 14:14:59.008 [AWT-EventQueue-0 @coroutine#17608] INFO  App - 启动App, 应用版本号: 1.6.11
]]></system-out>
  <system-err><![CDATA[]]></system-err>
</testsuite>
