<?xml version="1.0" encoding="UTF-8"?>
<testsuite name="Phase3UpdateTest[jvm]" tests="3" skipped="0" failures="0" errors="0" timestamp="2026-09-10T06:15:30.956Z" hostname="LazyIonEsdeMacBook-Pro.local" time="0.011">
  <properties/>
  <testcase name="cancellationWaitsForOldCleanupAndRejectsNonCooperativeProgressBeforeReusingOutput[jvm]" classname="org.tool.kit.migration.Phase3UpdateTest" time="0.005"/>
  <testcase name="duplicateChecksAndDownloadsRunOnceUnknownLengthAndFailureCanRetry[jvm]" classname="org.tool.kit.migration.Phase3UpdateTest" time="0.004"/>
  <testcase name="checksKeepManualSilentLatestErrorAndOrderedAssetsSemantics[jvm]" classname="org.tool.kit.migration.Phase3UpdateTest" time="0.002"/>
  <system-out><![CDATA[]]></system-out>
  <system-err><![CDATA[]]></system-err>
</testsuite>
