<?xml version="1.0" encoding="UTF-8"?>
<testsuite name="ApkSigningUiTest[jvm]" tests="2" skipped="0" failures="0" errors="0" timestamp="2026-09-10T06:14:24.637Z" hostname="LazyIonEsdeMacBook-Pro.local" time="2.052">
  <properties/>
  <testcase name="darkResult[jvm]" classname="org.tool.kit.migration.ApkSigningUiTest" time="1.175"/>
  <testcase name="lightResult[jvm]" classname="org.tool.kit.migration.ApkSigningUiTest" time="0.877"/>
  <system-out><![CDATA[2026-09-10 14:14:24.672 [AWT-EventQueue-0 @coroutine#5841] INFO  App - 启动App, 应用版本号: 1.6.11
2026-09-10 14:14:25.839 [AWT-EventQueue-0 @coroutine#9464] INFO  App - 启动App, 应用版本号: 1.6.11
]]></system-out>
  <system-err><![CDATA[]]></system-err>
</testsuite>
