<?xml version="1.0" encoding="UTF-8"?>
<testsuite name="LegacyFormCharacterizationTest[jvm]" tests="5" skipped="0" failures="0" errors="0" timestamp="2026-09-10T06:15:28.750Z" hostname="LazyIonEsdeMacBook-Pro.local" time="0.004">
  <properties/>
  <testcase name="clearingApkWithPrefixPreservesTheKnownLeadingHyphenDefect[jvm]" classname="org.tool.kit.migration.LegacyFormCharacterizationTest" time="0.002"/>
  <testcase name="junkMultiRangeWithEqualBoundsMatchesRepeatedSingleEstimate[jvm]" classname="org.tool.kit.migration.LegacyFormCharacterizationTest" time="0.001"/>
  <testcase name="existingApkAndPrefixDeriveV4NameButSamePathKeepsManualName[jvm]" classname="org.tool.kit.migration.LegacyFormCharacterizationTest" time="0.0"/>
  <testcase name="sameKeyPathKeepsCredentialsAndChangedPathClearsOnlyDependentFields[jvm]" classname="org.tool.kit.migration.LegacyFormCharacterizationTest" time="0.001"/>
  <testcase name="junkNamingUsesUnderscoresAndTheOriginalFixedVersion[jvm]" classname="org.tool.kit.migration.LegacyFormCharacterizationTest" time="0.0"/>
  <system-out><![CDATA[]]></system-out>
  <system-err><![CDATA[]]></system-err>
</testsuite>
