<?xml version="1.0" encoding="UTF-8"?>
<testsuite name="ApkToolFixtureTest[jvm]" tests="1" skipped="0" failures="0" errors="0" timestamp="2026-09-10T06:14:26.726Z" hostname="LazyIonEsdeMacBook-Pro.local" time="30.714">
  <properties/>
  <testcase name="realTemplateMatchesLegacyMetadataAndUnscaledIconsWithSigningOnAndOff[jvm]" classname="org.tool.kit.migration.ApkToolFixtureTest" time="30.714"/>
  <system-out><![CDATA[2026-09-10 14:14:29.752 [Test worker @coroutine#13325] INFO  Utils - generateApktool null
2026-09-10 14:14:39.059 [DefaultDispatcher-worker-5 @coroutine#13325] INFO  Utils - generateApktool null
2026-09-10 14:14:45.806 [DefaultDispatcher-worker-5 @coroutine#13325] INFO  Utils - generateApktool null
2026-09-10 14:14:52.526 [DefaultDispatcher-worker-5 @coroutine#13325] INFO  Utils - generateApktool null
]]></system-out>
  <system-err><![CDATA[9月 10, 2026 2:14:26 下午 brut.common.Log log
信息: Using Apktool 2.3 on apktool.apk with 8 threads
9月 10, 2026 2:14:26 下午 brut.common.Log log
信息: Loading resource table...
9月 10, 2026 2:14:26 下午 brut.common.Log log
信息: Baksmaling classes.dex...
9月 10, 2026 2:14:26 下午 brut.common.Log log
信息: Decoding value resources...
9月 10, 2026 2:14:26 下午 brut.common.Log log
信息: Loading resource table from file: /var/folders/jt/1lc6n9756w7489cqg5bxtt9w0000gn/T/junit3052968724117257353/legacy/framework/1.apk
9月 10, 2026 2:14:28 下午 brut.common.Log log
信息: Decoding file resources...
9月 10, 2026 2:14:28 下午 brut.common.Log log
信息: Generating values XMLs...
9月 10, 2026 2:14:28 下午 brut.common.Log log
信息: Decoding AndroidManifest.xml with resources...
9月 10, 2026 2:14:29 下午 brut.common.Log log
信息: Copying original files...
9月 10, 2026 2:14:29 下午 brut.common.Log log
信息: Copying unknown files...
9月 10, 2026 2:14:29 下午 brut.common.Log log
信息: Using Apktool 2.3 on apktool.apk with 8 threads
9月 10, 2026 2:14:29 下午 brut.common.Log log
信息: Smaling smali folder into classes.dex...
9月 10, 2026 2:14:29 下午 brut.common.Log log
信息: Setting 'debuggable' attribute to 'true' in AndroidManifest.xml...
9月 10, 2026 2:14:29 下午 brut.common.Log log
信息: Building resources with aapt2...
9月 10, 2026 2:14:36 下午 brut.common.Log log
信息: Building apk file...
9月 10, 2026 2:14:36 下午 brut.common.Log log
信息: Importing unknown files...
9月 10, 2026 2:14:36 下午 brut.common.Log log
信息: Built apk into: /var/folders/jt/1lc6n9756w7489cqg5bxtt9w0000gn/T/junit3052968724117257353/old output/中文 Empty.apk
9月 10, 2026 2:14:37 下午 brut.common.Log log
信息: Using Apktool 2.3 on apktool.apk with 8 threads
9月 10, 2026 2:14:37 下午 brut.common.Log log
信息: Loading resource table...
9月 10, 2026 2:14:37 下午 brut.common.Log log
信息: Baksmaling classes.dex...
9月 10, 2026 2:14:37 下午 brut.common.Log log
信息: Decoding value resources...
9月 10, 2026 2:14:37 下午 brut.common.Log log
信息: Loading resource table from file: /var/folders/jt/1lc6n9756w7489cqg5bxtt9w0000gn/T/junit3052968724117257353/cache/AndroidToolKit-apktool-14140515310342816127/framework/1.apk
9月 10, 2026 2:14:37 下午 brut.common.Log log
信息: Decoding file resources...
9月 10, 2026 2:14:38 下午 brut.common.Log log
信息: Generating values XMLs...
9月 10, 2026 2:14:38 下午 brut.common.Log log
信息: Decoding AndroidManifest.xml with resources...
9月 10, 2026 2:14:39 下午 brut.common.Log log
信息: Copying original files...
9月 10, 2026 2:14:39 下午 brut.common.Log log
信息: Copying unknown files...
9月 10, 2026 2:14:39 下午 brut.common.Log log
信息: Using Apktool 2.3 on apktool.apk with 8 threads
9月 10, 2026 2:14:39 下午 brut.common.Log log
信息: Smaling smali folder into classes.dex...
9月 10, 2026 2:14:39 下午 brut.common.Log log
信息: Setting 'debuggable' attribute to 'true' in AndroidManifest.xml...
9月 10, 2026 2:14:39 下午 brut.common.Log log
信息: Building resources with aapt2...
9月 10, 2026 2:14:42 下午 brut.common.Log log
信息: Building apk file...
9月 10, 2026 2:14:43 下午 brut.common.Log log
信息: Importing unknown files...
9月 10, 2026 2:14:43 下午 brut.common.Log log
信息: Built apk into: /var/folders/jt/1lc6n9756w7489cqg5bxtt9w0000gn/T/junit3052968724117257353/new output/中文 Empty.apk
9月 10, 2026 2:14:43 下午 brut.common.Log log
信息: Using Apktool 2.3 on apktool.apk with 8 threads
9月 10, 2026 2:14:43 下午 brut.common.Log log
信息: Loading resource table...
9月 10, 2026 2:14:43 下午 brut.common.Log log
信息: Baksmaling classes.dex...
9月 10, 2026 2:14:44 下午 brut.common.Log log
信息: Decoding value resources...
9月 10, 2026 2:14:44 下午 brut.common.Log log
信息: Loading resource table from file: /var/folders/jt/1lc6n9756w7489cqg5bxtt9w0000gn/T/junit3052968724117257353/cache/AndroidToolKit-apktool-11639379520167495957/framework/1.apk
9月 10, 2026 2:14:44 下午 brut.common.Log log
信息: Decoding file resources...
9月 10, 2026 2:14:44 下午 brut.common.Log log
信息: Generating values XMLs...
9月 10, 2026 2:14:44 下午 brut.common.Log log
信息: Decoding AndroidManifest.xml with resources...
9月 10, 2026 2:14:45 下午 brut.common.Log log
信息: Copying original files...
9月 10, 2026 2:14:45 下午 brut.common.Log log
信息: Copying unknown files...
9月 10, 2026 2:14:45 下午 brut.common.Log log
信息: Using Apktool 2.3 on apktool.apk with 8 threads
9月 10, 2026 2:14:45 下午 brut.common.Log log
信息: Smaling smali folder into classes.dex...
9月 10, 2026 2:14:45 下午 brut.common.Log log
信息: Setting 'debuggable' attribute to 'true' in AndroidManifest.xml...
9月 10, 2026 2:14:45 下午 brut.common.Log log
信息: Building resources with aapt2...
9月 10, 2026 2:14:49 下午 brut.common.Log log
信息: Building apk file...
9月 10, 2026 2:14:50 下午 brut.common.Log log
信息: Importing unknown files...
9月 10, 2026 2:14:50 下午 brut.common.Log log
信息: Built apk into: /var/folders/jt/1lc6n9756w7489cqg5bxtt9w0000gn/T/junit3052968724117257353/new output/中文 Empty.apk
9月 10, 2026 2:14:50 下午 brut.common.Log log
信息: Using Apktool 2.3 on apktool.apk with 8 threads
9月 10, 2026 2:14:50 下午 brut.common.Log log
信息: Loading resource table...
9月 10, 2026 2:14:50 下午 brut.common.Log log
信息: Baksmaling classes.dex...
9月 10, 2026 2:14:50 下午 brut.common.Log log
信息: Decoding value resources...
9月 10, 2026 2:14:50 下午 brut.common.Log log
信息: Loading resource table from file: /var/folders/jt/1lc6n9756w7489cqg5bxtt9w0000gn/T/junit3052968724117257353/cache/AndroidToolKit-apktool-12763640710901694330/framework/1.apk
9月 10, 2026 2:14:51 下午 brut.common.Log log
信息: Decoding file resources...
9月 10, 2026 2:14:51 下午 brut.common.Log log
信息: Generating values XMLs...
9月 10, 2026 2:14:51 下午 brut.common.Log log
信息: Decoding AndroidManifest.xml with resources...
9月 10, 2026 2:14:52 下午 brut.common.Log log
信息: Copying original files...
9月 10, 2026 2:14:52 下午 brut.common.Log log
信息: Copying unknown files...
9月 10, 2026 2:14:52 下午 brut.common.Log log
信息: Using Apktool 2.3 on apktool.apk with 8 threads
9月 10, 2026 2:14:52 下午 brut.common.Log log
信息: Smaling smali folder into classes.dex...
9月 10, 2026 2:14:52 下午 brut.common.Log log
信息: Setting 'debuggable' attribute to 'true' in AndroidManifest.xml...
9月 10, 2026 2:14:52 下午 brut.common.Log log
信息: Building resources with aapt2...
9月 10, 2026 2:14:56 下午 brut.common.Log log
信息: Building apk file...
9月 10, 2026 2:14:56 下午 brut.common.Log log
信息: Importing unknown files...
9月 10, 2026 2:14:56 下午 brut.common.Log log
信息: Built apk into: /var/folders/jt/1lc6n9756w7489cqg5bxtt9w0000gn/T/junit3052968724117257353/new output/中文 Empty.apk
]]></system-err>
</testsuite>
