<?xml version="1.0" encoding="UTF-8"?>
<testsuite name="Phase2PlatformTest[jvm]" tests="3" skipped="0" failures="0" errors="0" timestamp="2026-09-10T06:15:28.785Z" hostname="LazyIonEsdeMacBook-Pro.local" time="0.111">
  <properties/>
  <testcase name="fingerprintFormattingKeepsAllFourModes[jvm]" classname="org.tool.kit.migration.Phase2PlatformTest" time="0.002"/>
  <testcase name="repositoryLoadsBothStoreTypesAndPreservesFailureResults[jvm]" classname="org.tool.kit.migration.Phase2PlatformTest" time="0.104"/>
  <testcase name="fileSelectionRetainsUriOrderSymlinksAndOriginalPickerAcceptance[jvm]" classname="org.tool.kit.migration.Phase2PlatformTest" time="0.005"/>
  <system-out><![CDATA[2026-09-10 14:15:28.827 [pool-77-thread-1 @coroutine#72165] ERROR KeyStoreRepository - verifyAlisa 验证签名异常 (IOException)
2026-09-10 14:15:28.828 [pool-77-thread-1 @coroutine#72165] ERROR KeyStoreRepository - verifyAlisaPassword 验证别名密码异常 (UnrecoverableKeyException)
2026-09-10 14:15:28.828 [pool-77-thread-1 @coroutine#72165] ERROR KeyStoreRepository - verifyAlisaPassword 验证别名密码异常 (NullPointerException)
2026-09-10 14:15:28.863 [pool-77-thread-1 @coroutine#72165] ERROR KeyStoreRepository - verifyAlisa 验证签名异常 (IOException)
2026-09-10 14:15:28.885 [pool-77-thread-1 @coroutine#72165] ERROR KeyStoreRepository - verifyAlisaPassword 验证别名密码异常 (UnrecoverableKeyException)
2026-09-10 14:15:28.888 [pool-77-thread-1 @coroutine#72165] ERROR KeyStoreRepository - verifyAlisaPassword 验证别名密码异常 (NullPointerException)
2026-09-10 14:15:28.891 [pool-77-thread-1 @coroutine#72165] ERROR KeyStoreRepository - verifyAlisa 验证签名异常 (FileNotFoundException)
]]></system-out>
  <system-err><![CDATA[]]></system-err>
</testsuite>
