<?xml version="1.0" encoding="UTF-8"?>
<testsuite name="JunkArchiveFixtureTest[jvm]" tests="2" skipped="0" failures="0" errors="0" timestamp="2026-09-10T06:15:19.972Z" hostname="LazyIonEsdeMacBook-Pro.local" time="0.056">
  <properties/>
  <testcase name="tinySingleArchiveContainsManifestClassesResourcesAndCleansItsWorkspace[jvm]" classname="org.tool.kit.migration.JunkArchiveFixtureTest" time="0.039"/>
  <testcase name="tinyBatchRecreatesOnlyItsOutputSubdirectoryAndProducesDistinctArchives[jvm]" classname="org.tool.kit.migration.JunkArchiveFixtureTest" time="0.017"/>
  <system-out><![CDATA[2026-09-10 14:15:19.976 [Test worker] INFO  AndroidJunkGenerator - startGenerate 准备生成, 正在清理工作空间 工作空间目录: /var/folders/jt/1lc6n9756w7489cqg5bxtt9w0000gn/T/junit2967549197218711297/workspace/comfixturejunk
2026-09-10 14:15:19.977 [Test worker] INFO  AndroidJunkGenerator - startGenerate 工作空间已就绪, 开始生成
2026-09-10 14:15:19.997 [Test worker] INFO  AndroidJunkGenerator - startGenerate class 文件生成完成
2026-09-10 14:15:20.000 [Test worker] INFO  AndroidJunkGenerator - strings 文件数量: 0
2026-09-10 14:15:20.000 [Test worker] INFO  AndroidJunkGenerator - layouts 文件数量: 1
2026-09-10 14:15:20.000 [Test worker] INFO  AndroidJunkGenerator - drawables 文件数量: 2
2026-09-10 14:15:20.000 [Test worker] INFO  AndroidJunkGenerator - anims 文件数量: 2
2026-09-10 14:15:20.000 [Test worker] INFO  AndroidJunkGenerator - mipmaps 文件数量: 1
2026-09-10 14:15:20.001 [Test worker] INFO  AndroidJunkGenerator - ids 大小: 0
2026-09-10 14:15:20.001 [Test worker] INFO  AndroidJunkGenerator - startGenerate 资源文件生成完成, 开始打包
2026-09-10 14:15:20.007 [Test worker] INFO  AndroidJunkGenerator - startGenerate 打包完成, 输出文件路径: /var/folders/jt/1lc6n9756w7489cqg5bxtt9w0000gn/T/junit2967549197218711297/output/junk_com_fixture_junk_TT2.2.0.aar , 文件大小: 6.73KB
2026-09-10 14:15:20.008 [Test worker] INFO  AndroidJunkGenerator - startGenerate 生成结束, 用时: 0.30 秒
2026-09-10 14:15:20.016 [DefaultDispatcher-worker-5 @coroutine#56010] INFO  AndroidJunkGenerator - startGenerate 准备生成, 正在清理工作空间 工作空间目录: /var/folders/jt/1lc6n9756w7489cqg5bxtt9w0000gn/T/junit13364731469008361516/workspace/comsqlgyve
2026-09-10 14:15:20.016 [DefaultDispatcher-worker-4 @coroutine#56009] INFO  AndroidJunkGenerator - startGenerate 准备生成, 正在清理工作空间 工作空间目录: /var/folders/jt/1lc6n9756w7489cqg5bxtt9w0000gn/T/junit13364731469008361516/workspace/comqmxsiodfakos
2026-09-10 14:15:20.016 [DefaultDispatcher-worker-5 @coroutine#56010] INFO  AndroidJunkGenerator - startGenerate 工作空间已就绪, 开始生成
2026-09-10 14:15:20.016 [DefaultDispatcher-worker-4 @coroutine#56009] INFO  AndroidJunkGenerator - startGenerate 工作空间已就绪, 开始生成
2026-09-10 14:15:20.019 [DefaultDispatcher-worker-5 @coroutine#56010] INFO  AndroidJunkGenerator - startGenerate class 文件生成完成
2026-09-10 14:15:20.019 [DefaultDispatcher-worker-4 @coroutine#56009] INFO  AndroidJunkGenerator - startGenerate class 文件生成完成
2026-09-10 14:15:20.021 [DefaultDispatcher-worker-5 @coroutine#56010] INFO  AndroidJunkGenerator - strings 文件数量: 0
2026-09-10 14:15:20.021 [DefaultDispatcher-worker-5 @coroutine#56010] INFO  AndroidJunkGenerator - layouts 文件数量: 1
2026-09-10 14:15:20.021 [DefaultDispatcher-worker-5 @coroutine#56010] INFO  AndroidJunkGenerator - drawables 文件数量: 2
2026-09-10 14:15:20.021 [DefaultDispatcher-worker-5 @coroutine#56010] INFO  AndroidJunkGenerator - anims 文件数量: 0
2026-09-10 14:15:20.021 [DefaultDispatcher-worker-5 @coroutine#56010] INFO  AndroidJunkGenerator - mipmaps 文件数量: 0
2026-09-10 14:15:20.021 [DefaultDispatcher-worker-5 @coroutine#56010] INFO  AndroidJunkGenerator - ids 大小: 0
2026-09-10 14:15:20.021 [DefaultDispatcher-worker-4 @coroutine#56009] INFO  AndroidJunkGenerator - strings 文件数量: 0
2026-09-10 14:15:20.021 [DefaultDispatcher-worker-5 @coroutine#56010] INFO  AndroidJunkGenerator - startGenerate 资源文件生成完成, 开始打包
2026-09-10 14:15:20.021 [DefaultDispatcher-worker-4 @coroutine#56009] INFO  AndroidJunkGenerator - layouts 文件数量: 1
2026-09-10 14:15:20.021 [DefaultDispatcher-worker-4 @coroutine#56009] INFO  AndroidJunkGenerator - drawables 文件数量: 2
2026-09-10 14:15:20.021 [DefaultDispatcher-worker-4 @coroutine#56009] INFO  AndroidJunkGenerator - anims 文件数量: 0
2026-09-10 14:15:20.021 [DefaultDispatcher-worker-4 @coroutine#56009] INFO  AndroidJunkGenerator - mipmaps 文件数量: 3
2026-09-10 14:15:20.021 [DefaultDispatcher-worker-4 @coroutine#56009] INFO  AndroidJunkGenerator - ids 大小: 0
2026-09-10 14:15:20.021 [DefaultDispatcher-worker-4 @coroutine#56009] INFO  AndroidJunkGenerator - startGenerate 资源文件生成完成, 开始打包
2026-09-10 14:15:20.023 [DefaultDispatcher-worker-5 @coroutine#56010] INFO  AndroidJunkGenerator - startGenerate 打包完成, 输出文件路径: /var/folders/jt/1lc6n9756w7489cqg5bxtt9w0000gn/T/junit13364731469008361516/output/batch/junk_com_sqlg_yve_TT2.2.0.aar , 文件大小: 5.78KB
2026-09-10 14:15:20.024 [DefaultDispatcher-worker-5 @coroutine#56010] INFO  AndroidJunkGenerator - startGenerate 生成结束, 用时: 0.7 秒
2026-09-10 14:15:20.024 [DefaultDispatcher-worker-4 @coroutine#56009] INFO  AndroidJunkGenerator - startGenerate 打包完成, 输出文件路径: /var/folders/jt/1lc6n9756w7489cqg5bxtt9w0000gn/T/junit13364731469008361516/output/batch/junk_com_qmxsiodf_akos_TT2.2.0.aar , 文件大小: 7.49KB
2026-09-10 14:15:20.024 [DefaultDispatcher-worker-4 @coroutine#56009] INFO  AndroidJunkGenerator - startGenerate 生成结束, 用时: 0.7 秒
]]></system-out>
  <system-err><![CDATA[]]></system-err>
</testsuite>
