<?xml version="1.0" encoding="UTF-8"?>
<testsuite name="ComposeBaselineTest[jvm]" tests="3" skipped="0" failures="0" errors="0" timestamp="2026-09-10T06:15:08.047Z" hostname="LazyIonEsdeMacBook-Pro.local" time="4.176">
  <properties/>
  <testcase name="lightNavigationRendersAllNinePages[jvm]" classname="org.tool.kit.migration.ComposeBaselineTest" time="1.817"/>
  <testcase name="darkNavigationRendersAllNinePages[jvm]" classname="org.tool.kit.migration.ComposeBaselineTest" time="1.607"/>
  <testcase name="signingAndKeyStoreDraftsSurviveTopLevelNavigation[jvm]" classname="org.tool.kit.migration.ComposeBaselineTest" time="0.752"/>
  <system-out><![CDATA[2026-09-10 14:15:08.076 [AWT-EventQueue-0 @coroutine#30804] INFO  App - 启动App, 应用版本号: 1.6.11
2026-09-10 14:15:09.889 [AWT-EventQueue-0 @coroutine#36787] INFO  App - 启动App, 应用版本号: 1.6.11
2026-09-10 14:15:11.499 [AWT-EventQueue-0 @coroutine#42416] INFO  App - 启动App, 应用版本号: 1.6.11
]]></system-out>
  <system-err><![CDATA[]]></system-err>
</testsuite>
