<?xml version="1.0" encoding="UTF-8"?>
<testsuite name="CertificateMappingTest[jvm]" tests="8" skipped="0" failures="0" errors="0" timestamp="2026-09-10T06:15:00.571Z" hostname="LazyIonEsdeMacBook-Pro.local" time="4.406">
  <properties/>
  <testcase name="droppedFilesAreFilteredAsAWholeThenOnlyFirstSurvivorIsConsidered[jvm]" classname="org.tool.kit.migration.CertificateMappingTest" time="0.008"/>
  <testcase name="emptyStoresHaveNoAliasesAndMalformedAndUnsignedApksUseOriginalFallback[jvm]" classname="org.tool.kit.migration.CertificateMappingTest" time="0.482"/>
  <testcase name="rotatedApkPreservesTheKnownV31CertificateDuplicationInsteadOfFixingItDuringMigration[jvm]" classname="org.tool.kit.migration.CertificateMappingTest" time="0.895"/>
  <testcase name="onlyTheLegacyErrorSetIsDisplayedAndPreservesItsTrailingNewline[jvm]" classname="org.tool.kit.migration.CertificateMappingTest" time="0.517"/>
  <testcase name="realSignedApkKeepsVersionOrderAndV4RequiresTheSameExplicitSidecarAsBefore[jvm]" classname="org.tool.kit.migration.CertificateMappingTest" time="1.125"/>
  <testcase name="ecCertificateKeepsOriginalEmptyRsaOnlyPublicKeyFields[jvm]" classname="org.tool.kit.migration.CertificateMappingTest" time="0.034"/>
  <testcase name="jksAndPkcs12KeepEveryOriginalCertificateFieldAndWrongPasswordBehavior[jvm]" classname="org.tool.kit.migration.CertificateMappingTest" time="0.202"/>
  <testcase name="multipleSignersKeepTheirOrderAndCertificatesStillDisplayWhenVerificationFails[jvm]" classname="org.tool.kit.migration.CertificateMappingTest" time="1.141"/>
  <system-out><![CDATA[2026-09-10 14:15:01.058 [DefaultDispatcher-worker-9 @coroutine#22047] INFO  SignatureRepository - apkVerifier 获取APK签名信息开始, APK文件路径: /var/folders/jt/1lc6n9756w7489cqg5bxtt9w0000gn/T/junit3146886594550558406/中文 unsigned.apk
2026-09-10 14:15:01.061 [DefaultDispatcher-worker-9 @coroutine#22047] INFO  SignatureRepository - apkVerifier 获取APK签名信息开始, APK文件路径: /var/folders/jt/1lc6n9756w7489cqg5bxtt9w0000gn/T/junit3146886594550558406/损坏 file.apk
2026-09-10 14:15:01.062 [DefaultDispatcher-worker-9 @coroutine#22047] ERROR SignatureRepository - apkVerifier 获取APK签名信息异常, 异常信息: Malformed APK: not a ZIP archive
com.android.apksig.apk.ApkFormatException: Malformed APK: not a ZIP archive
	at com.android.apksig.ApkVerifier.verify(ApkVerifier.java:194)
	at com.android.apksig.ApkVerifier.verify(ApkVerifier.java:167)
	at org.tool.kit.data.repository.JvmSignatureRepository$verifyApk$2.invokeSuspend(JvmSignatureRepository.kt:32)
	at kotlin.coroutines.jvm.internal.BaseContinuationImpl.resumeWith(ContinuationImpl.kt:34)
	at kotlinx.coroutines.DispatchedTask.run(DispatchedTask.kt:100)
	at kotlinx.coroutines.internal.LimitedDispatcher$Worker.run(LimitedDispatcher.kt:124)
	at kotlinx.coroutines.scheduling.TaskImpl.run(Tasks.kt:89)
	at kotlinx.coroutines.scheduling.CoroutineScheduler.runSafely(CoroutineScheduler.kt:586)
	at kotlinx.coroutines.scheduling.CoroutineScheduler$Worker.executeTask(CoroutineScheduler.kt:798)
	at kotlinx.coroutines.scheduling.CoroutineScheduler$Worker.runWorker(CoroutineScheduler.kt:717)
	at kotlinx.coroutines.scheduling.CoroutineScheduler$Worker.run(CoroutineScheduler.kt:704)
Caused by: com.android.apksig.zip.ZipFormatException: ZIP End of Central Directory record not found
	at com.android.apksig.apk.ApkUtilsLite.findZipSections(ApkUtilsLite.java:49)
	at com.android.apksig.apk.ApkUtils.findZipSections(ApkUtils.java:60)
	at com.android.apksig.ApkVerifier.verify(ApkVerifier.java:192)
	... 10 common frames omitted
2026-09-10 14:15:01.901 [DefaultDispatcher-worker-9 @coroutine#22048] INFO  SignatureRepository - apkVerifier 获取APK签名信息开始, APK文件路径: /var/folders/jt/1lc6n9756w7489cqg5bxtt9w0000gn/T/junit4600859012093529274/rotated.apk
2026-09-10 14:15:03.409 [DefaultDispatcher-worker-9 @coroutine#22049] INFO  SignatureRepository - apkVerifier 获取APK签名信息开始, APK文件路径: /var/folders/jt/1lc6n9756w7489cqg5bxtt9w0000gn/T/junit6884863517945382/中文 signed.apk
2026-09-10 14:15:03.694 [DefaultDispatcher-worker-9 @coroutine#22050] ERROR KeyStoreRepository - verifyAlisa 验证签名异常 (IOException)
2026-09-10 14:15:03.836 [DefaultDispatcher-worker-9 @coroutine#22050] ERROR KeyStoreRepository - verifyAlisa 验证签名异常 (IOException)
2026-09-10 14:15:04.893 [DefaultDispatcher-worker-9 @coroutine#22051] INFO  SignatureRepository - apkVerifier 获取APK签名信息开始, APK文件路径: /var/folders/jt/1lc6n9756w7489cqg5bxtt9w0000gn/T/junit7908653519219209820/multi.apk
2026-09-10 14:15:04.971 [DefaultDispatcher-worker-9 @coroutine#22051] INFO  SignatureRepository - apkVerifier 获取APK签名信息开始, APK文件路径: /var/folders/jt/1lc6n9756w7489cqg5bxtt9w0000gn/T/junit7908653519219209820/tampered.apk
]]></system-out>
  <system-err><![CDATA[]]></system-err>
</testsuite>
