<?xml version="1.0" encoding="UTF-8"?>
<testsuite name="KoinLifecycleTest[jvm]" tests="3" skipped="0" failures="0" errors="0" timestamp="2026-09-10T06:15:28.695Z" hostname="LazyIonEsdeMacBook-Pro.local" time="0.054">
  <properties/>
  <testcase name="ownerKeysKeepViewModelsWhilePreferencesStayUniquePerContainer[jvm]" classname="org.tool.kit.migration.KoinLifecycleTest" time="0.003"/>
  <testcase name="shutdownIsIdempotentAcrossCloseAndFinally[jvm]" classname="org.tool.kit.migration.KoinLifecycleTest" time="0.001"/>
  <testcase name="recompositionKeepsTheWindowViewModelAndOwnerClearsItOnce[jvm]" classname="org.tool.kit.migration.KoinLifecycleTest" time="0.05"/>
  <system-out><![CDATA[2026-09-10 14:15:28.726 [AWT-EventQueue-0 @coroutine#71666] INFO  App - 启动App, 应用版本号: 1.6.11
]]></system-out>
  <system-err><![CDATA[]]></system-err>
</testsuite>
