<?xml version="1.0" encoding="UTF-8"?>
<testsuite name="IconFactoryUiTest[jvm]" tests="2" skipped="0" failures="0" errors="0" timestamp="2026-09-10T06:15:12.248Z" hostname="LazyIonEsdeMacBook-Pro.local" time="3.791">
  <properties/>
  <testcase name="lightPreviewAndSheet[jvm]" classname="org.tool.kit.migration.IconFactoryUiTest" time="2.024"/>
  <testcase name="darkPreviewAndSheet[jvm]" classname="org.tool.kit.migration.IconFactoryUiTest" time="1.767"/>
  <system-out><![CDATA[2026-09-10 14:15:12.304 [AWT-EventQueue-0 @coroutine#46081] INFO  App - 启动App, 应用版本号: 1.6.11
2026-09-10 14:15:14.323 [AWT-EventQueue-0 @coroutine#50746] INFO  App - 启动App, 应用版本号: 1.6.11
]]></system-out>
  <system-err><![CDATA[]]></system-err>
</testsuite>
