<?xml version="1.0" encoding="UTF-8"?>
<testsuite name="CleanerUiTest[jvm]" tests="3" skipped="0" failures="0" errors="0" timestamp="2026-09-10T06:15:05.005Z" hostname="LazyIonEsdeMacBook-Pro.local" time="3.005">
  <properties/>
  <testcase name="darkSelection[jvm]" classname="org.tool.kit.migration.CleanerUiTest" time="1.173"/>
  <testcase name="actualRootDistinguishesProgressiveScanningFromDeletingAndSharesOneWindowOwner[jvm]" classname="org.tool.kit.migration.CleanerUiTest" time="1.105"/>
  <testcase name="lightSelection[jvm]" classname="org.tool.kit.migration.CleanerUiTest" time="0.727"/>
  <system-out><![CDATA[2026-09-10 14:15:05.051 [AWT-EventQueue-0 @coroutine#22094] INFO  App - 启动App, 应用版本号: 1.6.11
2026-09-10 14:15:06.220 [AWT-EventQueue-0 @coroutine#24483] INFO  App - 启动App, 应用版本号: 1.6.11
2026-09-10 14:15:07.308 [AWT-EventQueue-0 @coroutine#28345] INFO  App - 启动App, 应用版本号: 1.6.11
]]></system-out>
  <system-err><![CDATA[]]></system-err>
</testsuite>
