<?xml version="1.0" encoding="UTF-8"?>
<testsuite name="IconFactoryViewModelTest[jvm]" tests="9" skipped="0" failures="0" errors="0" timestamp="2026-09-10T06:15:16.040Z" hostname="LazyIonEsdeMacBook-Pro.local" time="0.023">
  <properties/>
  <testcase name="pickerAndDropUseTheFirstItemAndReselectingTheSameInputClearsResults[jvm]" classname="org.tool.kit.migration.IconFactoryViewModelTest" time="0.004"/>
  <testcase name="unsupportedInputReleasesLoadingWithoutANewNotificationAndNullInputDoesNothing[jvm]" classname="org.tool.kit.migration.IconFactoryViewModelTest" time="0.002"/>
  <testcase name="changedInputAndClosedWindowsRejectLateNativeResultsButStillClean[jvm]" classname="org.tool.kit.migration.IconFactoryViewModelTest" time="0.002"/>
  <testcase name="blankFieldsOpenOriginalSheetButBlankIconDirectoryStillGenerates[jvm]" classname="org.tool.kit.migration.IconFactoryViewModelTest" time="0.003"/>
  <testcase name="submitCapturesAllFieldsAndPreferencesBeforeSuspensionAndIgnoresDuplicates[jvm]" classname="org.tool.kit.migration.IconFactoryViewModelTest" time="0.004"/>
  <testcase name="errorsRetainOnlyCompletedOutputsUseOriginalMessagesAndPermitRetry[jvm]" classname="org.tool.kit.migration.IconFactoryViewModelTest" time="0.003"/>
  <testcase name="defaultOutputUpdatesDoNotResetDraftsForUnrelatedChangesOrDuplicateValues[jvm]" classname="org.tool.kit.migration.IconFactoryViewModelTest" time="0.001"/>
  <testcase name="previewChecksRunOutsideRenderingAndLateRefreshCannotRestoreAnOldImage[jvm]" classname="org.tool.kit.migration.IconFactoryViewModelTest" time="0.003"/>
  <testcase name="settingsDraftsCommitOnlyOnReleaseAndFollowOriginalEditorLifetimes[jvm]" classname="org.tool.kit.migration.IconFactoryViewModelTest" time="0.001"/>
  <system-out><![CDATA[]]></system-out>
  <system-err><![CDATA[]]></system-err>
</testsuite>
