<?xml version="1.0" encoding="UTF-8"?>
<testsuite name="SigningFormReducerTest[jvm]" tests="3" skipped="0" failures="0" errors="0" timestamp="2026-09-10T06:15:43.342Z" hostname="LazyIonEsdeMacBook-Pro.local" time="0.007">
  <properties/>
  <testcase name="explicitV4NameAndSamePathOrPrefixDoNotRederive[jvm]" classname="org.tool.kit.migration.SigningFormReducerTest" time="0.001"/>
  <testcase name="credentialsResetOnlyForDifferentKeyAndDifferentAlias[jvm]" classname="org.tool.kit.migration.SigningFormReducerTest" time="0.001"/>
  <testcase name="pathAndPrefixSetterMatrixMatchesFrozenLegacyIncludingBlankAndMissingPaths[jvm]" classname="org.tool.kit.migration.SigningFormReducerTest" time="0.005"/>
  <system-out><![CDATA[]]></system-out>
  <system-err><![CDATA[]]></system-err>
</testsuite>
